<?xml version="1.0" encoding="UTF-8"?>
<testsuite xmlns:xsi="http://www.w3.org/2001/XMLSchema-instance" xsi:noNamespaceSchemaLocation="https://maven.apache.org/surefire/maven-surefire-plugin/xsd/surefire-test-report.xsd" name="selenium.AppTest" time="21.162" tests="2" errors="1" skipped="0" failures="0">
  <properties>
    <property name="sun.desktop" value="windows"/>
    <property name="awt.toolkit" value="sun.awt.windows.WToolkit"/>
    <property name="java.specification.version" value="11"/>
    <property name="sun.cpu.isalist" value="amd64"/>
    <property name="sun.jnu.encoding" value="Cp1252"/>
    <property name="java.class.path" value="d:\DiplomadoDevops\Repositorios\Selenium\ejemploSeleniumWeb\target\test-classes;d:\DiplomadoDevops\Repositorios\Selenium\ejemploSeleniumWeb\target\classes;C:\Users\patos\.m2\repository\org\seleniumhq\selenium\selenium-java\3.141.59\selenium-java-3.141.59.jar;C:\Users\patos\.m2\repository\org\seleniumhq\selenium\selenium-api\3.141.59\selenium-api-3.141.59.jar;C:\Users\patos\.m2\repository\org\seleniumhq\selenium\selenium-chrome-driver\3.141.59\selenium-chrome-driver-3.141.59.jar;C:\Users\patos\.m2\repository\org\seleniumhq\selenium\selenium-edge-driver\3.141.59\selenium-edge-driver-3.141.59.jar;C:\Users\patos\.m2\repository\org\seleniumhq\selenium\selenium-firefox-driver\3.141.59\selenium-firefox-driver-3.141.59.jar;C:\Users\patos\.m2\repository\org\seleniumhq\selenium\selenium-ie-driver\3.141.59\selenium-ie-driver-3.141.59.jar;C:\Users\patos\.m2\repository\org\seleniumhq\selenium\selenium-opera-driver\3.141.59\selenium-opera-driver-3.141.59.jar;C:\Users\patos\.m2\repository\org\seleniumhq\selenium\selenium-remote-driver\3.141.59\selenium-remote-driver-3.141.59.jar;C:\Users\patos\.m2\repository\org\seleniumhq\selenium\selenium-safari-driver\3.141.59\selenium-safari-driver-3.141.59.jar;C:\Users\patos\.m2\repository\org\seleniumhq\selenium\selenium-support\3.141.59\selenium-support-3.141.59.jar;C:\Users\patos\.m2\repository\net\bytebuddy\byte-buddy\1.8.15\byte-buddy-1.8.15.jar;C:\Users\patos\.m2\repository\org\apache\commons\commons-exec\1.3\commons-exec-1.3.jar;C:\Users\patos\.m2\repository\com\google\guava\guava\25.0-jre\guava-25.0-jre.jar;C:\Users\patos\.m2\repository\com\google\code\findbugs\jsr305\1.3.9\jsr305-1.3.9.jar;C:\Users\patos\.m2\repository\org\checkerframework\checker-compat-qual\2.0.0\checker-compat-qual-2.0.0.jar;C:\Users\patos\.m2\repository\com\google\errorprone\error_prone_annotations\2.1.3\error_prone_annotations-2.1.3.jar;C:\Users\patos\.m2\repository\com\google\j2objc\j2objc-annotations\1.1\j2objc-annotations-1.1.jar;C:\Users\patos\.m2\repository\org\codehaus\mojo\animal-sniffer-annotations\1.14\animal-sniffer-annotations-1.14.jar;C:\Users\patos\.m2\repository\com\squareup\okhttp3\okhttp\3.11.0\okhttp-3.11.0.jar;C:\Users\patos\.m2\repository\com\squareup\okio\okio\1.14.0\okio-1.14.0.jar;C:\Users\patos\.m2\repository\junit\junit\4.11\junit-4.11.jar;C:\Users\patos\.m2\repository\org\hamcrest\hamcrest-core\1.3\hamcrest-core-1.3.jar;"/>
    <property name="java.vm.vendor" value="Oracle Corporation"/>
    <property name="sun.arch.data.model" value="64"/>
    <property name="user.variant" value=""/>
    <property name="java.vendor.url" value="https://openjdk.java.net/"/>
    <property name="user.timezone" value="America/Santiago"/>
    <property name="java.vm.specification.version" value="11"/>
    <property name="os.name" value="Windows 11"/>
    <property name="sun.java.launcher" value="SUN_STANDARD"/>
    <property name="user.country" value="CL"/>
    <property name="sun.boot.library.path" value="C:\Program Files\Java\jdk-11.0.14\bin"/>
    <property name="sun.java.command" value="C:\Users\patos\AppData\Local\Temp\surefire9668970464669668866\surefirebooter14067423654182251572.jar C:\Users\patos\AppData\Local\Temp\surefire9668970464669668866 2022-03-17T19-50-36_227-jvmRun1 surefire7663919931606513038tmp surefire_012995539208164065255tmp"/>
    <property name="jdk.debug" value="release"/>
    <property name="surefire.test.class.path" value="d:\DiplomadoDevops\Repositorios\Selenium\ejemploSeleniumWeb\target\test-classes;d:\DiplomadoDevops\Repositorios\Selenium\ejemploSeleniumWeb\target\classes;C:\Users\patos\.m2\repository\org\seleniumhq\selenium\selenium-java\3.141.59\selenium-java-3.141.59.jar;C:\Users\patos\.m2\repository\org\seleniumhq\selenium\selenium-api\3.141.59\selenium-api-3.141.59.jar;C:\Users\patos\.m2\repository\org\seleniumhq\selenium\selenium-chrome-driver\3.141.59\selenium-chrome-driver-3.141.59.jar;C:\Users\patos\.m2\repository\org\seleniumhq\selenium\selenium-edge-driver\3.141.59\selenium-edge-driver-3.141.59.jar;C:\Users\patos\.m2\repository\org\seleniumhq\selenium\selenium-firefox-driver\3.141.59\selenium-firefox-driver-3.141.59.jar;C:\Users\patos\.m2\repository\org\seleniumhq\selenium\selenium-ie-driver\3.141.59\selenium-ie-driver-3.141.59.jar;C:\Users\patos\.m2\repository\org\seleniumhq\selenium\selenium-opera-driver\3.141.59\selenium-opera-driver-3.141.59.jar;C:\Users\patos\.m2\repository\org\seleniumhq\selenium\selenium-remote-driver\3.141.59\selenium-remote-driver-3.141.59.jar;C:\Users\patos\.m2\repository\org\seleniumhq\selenium\selenium-safari-driver\3.141.59\selenium-safari-driver-3.141.59.jar;C:\Users\patos\.m2\repository\org\seleniumhq\selenium\selenium-support\3.141.59\selenium-support-3.141.59.jar;C:\Users\patos\.m2\repository\net\bytebuddy\byte-buddy\1.8.15\byte-buddy-1.8.15.jar;C:\Users\patos\.m2\repository\org\apache\commons\commons-exec\1.3\commons-exec-1.3.jar;C:\Users\patos\.m2\repository\com\google\guava\guava\25.0-jre\guava-25.0-jre.jar;C:\Users\patos\.m2\repository\com\google\code\findbugs\jsr305\1.3.9\jsr305-1.3.9.jar;C:\Users\patos\.m2\repository\org\checkerframework\checker-compat-qual\2.0.0\checker-compat-qual-2.0.0.jar;C:\Users\patos\.m2\repository\com\google\errorprone\error_prone_annotations\2.1.3\error_prone_annotations-2.1.3.jar;C:\Users\patos\.m2\repository\com\google\j2objc\j2objc-annotations\1.1\j2objc-annotations-1.1.jar;C:\Users\patos\.m2\repository\org\codehaus\mojo\animal-sniffer-annotations\1.14\animal-sniffer-annotations-1.14.jar;C:\Users\patos\.m2\repository\com\squareup\okhttp3\okhttp\3.11.0\okhttp-3.11.0.jar;C:\Users\patos\.m2\repository\com\squareup\okio\okio\1.14.0\okio-1.14.0.jar;C:\Users\patos\.m2\repository\junit\junit\4.11\junit-4.11.jar;C:\Users\patos\.m2\repository\org\hamcrest\hamcrest-core\1.3\hamcrest-core-1.3.jar;"/>
    <property name="sun.cpu.endian" value="little"/>
    <property name="user.home" value="C:\Users\patos"/>
    <property name="user.language" value="es"/>
    <property name="java.specification.vendor" value="Oracle Corporation"/>
    <property name="java.version.date" value="2022-01-18"/>
    <property name="java.home" value="C:\Program Files\Java\jdk-11.0.14"/>
    <property name="file.separator" value="\"/>
    <property name="basedir" value="d:\DiplomadoDevops\Repositorios\Selenium\ejemploSeleniumWeb"/>
    <property name="java.vm.compressedOopsMode" value="Zero based"/>
    <property name="line.separator" value="&#10;"/>
    <property name="java.specification.name" value="Java Platform API Specification"/>
    <property name="java.vm.specification.vendor" value="Oracle Corporation"/>
    <property name="java.awt.graphicsenv" value="sun.awt.Win32GraphicsEnvironment"/>
    <property name="surefire.real.class.path" value="C:\Users\patos\AppData\Local\Temp\surefire9668970464669668866\surefirebooter14067423654182251572.jar"/>
    <property name="user.script" value=""/>
    <property name="sun.management.compiler" value="HotSpot 64-Bit Tiered Compilers"/>
    <property name="java.runtime.version" value="11.0.14+8-LTS-263"/>
    <property name="user.name" value="patos"/>
    <property name="path.separator" value=";"/>
    <property name="os.version" value="10.0"/>
    <property name="java.runtime.name" value="Java(TM) SE Runtime Environment"/>
    <property name="file.encoding" value="Cp1252"/>
    <property name="java.vm.name" value="Java HotSpot(TM) 64-Bit Server VM"/>
    <property name="java.vendor.version" value="18.9"/>
    <property name="localRepository" value="C:\Users\patos\.m2\repository"/>
    <property name="java.vendor.url.bug" value="https://bugreport.java.com/bugreport/"/>
    <property name="java.io.tmpdir" value="C:\Users\patos\AppData\Local\Temp\"/>
    <property name="java.version" value="11.0.14"/>
    <property name="user.dir" value="d:\DiplomadoDevops\Repositorios\Selenium\ejemploSeleniumWeb"/>
    <property name="os.arch" value="amd64"/>
    <property name="java.vm.specification.name" value="Java Virtual Machine Specification"/>
    <property name="java.awt.printerjob" value="sun.awt.windows.WPrinterJob"/>
    <property name="sun.os.patch.level" value=""/>
    <property name="java.library.path" value="C:\Program Files\Java\jdk-11.0.14\bin;C:\WINDOWS\Sun\Java\bin;C:\WINDOWS\system32;C:\WINDOWS;C:\Program Files\Common Files\Oracle\Java\javapath;C:\windows\system32;C:\windows;C:\windows\System32\Wbem;C:\windows\System32\WindowsPowerShell\v1.0\;C:\windows\System32\OpenSSH\;C:\Program Files (x86)\NVIDIA Corporation\PhysX\Common;C:\Program Files\NVIDIA Corporation\NVIDIA NvDLISR;C:\WINDOWS\system32;C:\WINDOWS;C:\WINDOWS\System32\Wbem;C:\WINDOWS\System32\WindowsPowerShell\v1.0\;C:\WINDOWS\System32\OpenSSH\;C:\Program Files\Git\cmd;C:\Program Files\Java\jdk-11.0.14\bin;D:\Programas\Maven\apache-maven-3.8.4\bin;D:\Programas\nodeJs\;C:\Users\patos\AppData\Local\Microsoft\WindowsApps;;C:\Users\patos\AppData\Local\Programs\Microsoft VS Code\bin;C:\Users\patos\AppData\Roaming\npm;."/>
    <property name="java.vendor" value="Oracle Corporation"/>
    <property name="java.vm.info" value="mixed mode"/>
    <property name="java.vm.version" value="11.0.14+8-LTS-263"/>
    <property name="sun.io.unicode.encoding" value="UnicodeLittle"/>
    <property name="java.class.version" value="55.0"/>
  </properties>
  <testcase name="pruebaAmazon" classname="selenium.AppTest" time="13.127"/>
  <testcase name="pruebaGoogle" classname="selenium.AppTest" time="8.001">
    <error message="element click intercepted: Element &lt;a href=&quot;https://www.buscalibre.cl/libro-the-devops-handbook-how-to-create-world-class-agility-reliability-security-in-technology-organizations-libro-en-ingles/9781950508402/p/53961264&quot; data-agdh=&quot;arwt&quot; id=&quot;vplap0&quot; class=&quot;plantl pla-unit-single-clickable-target clickable-card&quot; rel=&quot;noopener noreferrer&quot; target=&quot;_blank&quot; data-agch=&quot;ausb&quot; data-sbv2=&quot;true&quot; data-merchant-id=&quot;117090192&quot; data-offer-id=&quot;53961264&quot; jsaction=&quot;focus:trigger.AYoRA;blur:trigger.WFW3if&quot; aria-label=&quot;The Devops Handbook: How To Create World class Agility Reliability &amp;amp; por CLP&amp;nbsp;46,980 de Buscalibre Chile&quot; data-nt-icon-id=&quot;planti0&quot; data-title-id=&quot;vplaurlt0&quot;&gt;&lt;/a&gt; is not clickable at point (258, 404). Other element would receive the click: &lt;img style=&quot;border:none;margin:0;vertical-align:middle;border-radius:0px&quot; height=&quot;175&quot; id=&quot;platop0&quot; src=&quot;data:image/png;base64,iVBORw0KGgoAAAANSUhEUgAAAI4AAADaCAMAAABHPIrbAAACalBMVEVHcEz7sQB5v4n9swD/tQD+tAD/swD+sgD8sQD+sQD+swD9sgD9swL+twD8sAD6tQD5swD8tAD+rgD6sQD+swC94C/7twARBSn8twAHBAklBzkSBSX9sAD8rQD8swD7sAAdEwj4rgAHBCMNBh0XGBQHBAv8uQDr7w8RBicWEQ4HBCT8swDovgD8uwAWExAsCUQKBhUHBQk6UlEJBgwHAx/3tQClkgAUDQn7rQAbBzUpLkHrqgAKBQ4zn5n5sADvqgAGBA0UEAnmtQDd6xccGBXmqgDouwDttQAiBTvrpQAGBRzzrAD7twDoqgAUDwrmqgDyrgD3qQAdIh8FBQnxtADqrAAOCgjs4QgQDAo2DE/0sgDdpADLCwHpxAHvvADboQDz4QTqywLehQDgqgCBfQT6vQCPigvusQBqAz4xGlwGBgfppwDLCwcGCBo4JAXxtwCOgwL9vAB/dQWzoQDidwDkkwBiTAO9lgXWnQD8wAD7xABgTg3wsQBwaQVTMgHXoAAnFAZGOgbwmgBZSAPMmQC3hwCoeQBWUw0rFARINQNCJQS6iQCHXwH9xQC6iAGkdwBAMASQBE3DjwBYOAOzDAWkewCVagCCawZBHwPTmwCseABvTwFrRgH9yADAEwl0WgGfPQEAcZpgOwWtFQbGQBcFMirBjAB1VAFPCyOyGz+1JgyedgAjDAPwAw10UgEFLUwAV3ngJgeQZgD62wABN1fBigEAjcEIc68ArutiDwgIU3T+7gC4DAQEYoLZKQTiBQkAqdBhEA7jcAIAlMrLDgQQQFsDHDAhSWeXZAArcIEAjbWXDQVwxgC9AFvkGsFcAAAAznRSTlMA6wLs5ujn6unp7ua25OPp7fHl5uMF7l/11UZ27eDd+GHzj4Azy+oSalSJxV/wSTud3xK6luVXkulWHNSvB/7vwWp9C0Deb5pP5afn+7l2qvndJOzNxqYehjPX1b1MiMYpOuCQKdkd4oIp+82ztrOsUuBmRdHlgi+55c5Pvz/ko8hZ1GzS1dww35/SvNruq8qKbMjQxI7fd+/j9tnp+Y7E1vm8oz/w45WiWnOj9Oiupu3Oxd7Ja9098vrA8dqf5e114rW/9YrXcbNmqfC94Sgrf6cAACAASURBVHic1L35WxvX2TeuYbSMNNYsGmkYgRYESAIsARLICAQIBJIshBCL2ETYzBbABmNiNmMWG/C+xLtrO3lqO3biJE7i7E2aNG3apu31/E/f+4yEjdu07/te1/P88D3B0khIzGfu9XOfOeeORPL/05GRkX6WZLz2ZoY4xOOMV+9J9n7qX//Wr76p+4/f+Rc4MHQZ4sl0rxCk3q3R6TJ0uho4hMea1KfQH8/IeHkVux/V7X7x5Xu7R7qG/ws4Ga89/e+O/3wSuNaMjJqa1AVVZ5ZbTx9F49jRYzP1PV31hcWbV89/2R/44zt//OyNzw4ffvzHz9D44x+/v7G0sv/Xxr79iQR6/Dcj/H9AI9HpGnRIA4DbZb06fOCYOI6evFrdUliYU1+/eXrm+c7hnz/748+f/fzjz58d+uHjz374/vvPfviv6TFeoAjOQ6gYhUyByxQGTCGT4SqWxUgljuMMwyhw8VnGMBh6iWPsvv8sO2QPbncNgMrIt547euy2CObAgXP6nsKc9NhcmPn2s89+/uMPIJW33vr44x9/gOcfP/7HWmLZgAsaTi0l5UqCkKqlckLGaU0mI0co5YRUShsUBEarpTIFplDI5YDV8J/hIFN3l0115AMq/cmjgOQ0gJm/WpdXvAumHv7b3ARAP3z24w8//Pjjxx9//DM8f/+Pb09WXLAJGplaJpMShEwql8ulcq+W4ki1lDFgMgyTYhgmk8HvCAwjAJGCwF+Dk/KBvZYL71iPnZuagiPXsQP9oKXbR8+5eopfimZXQge+/RiNHz/+ESH6/tt7x6zVvQc/nKN5TA6SAVEQMEitlsEZjFCraQYUSHtoGmBgBCllaDjk8H+RzmumDRbcaHWVTU3lSCT6hXML8wcWjs4gm3lt1OcUnj4GcH747LMffnzrrR9//vbdm6cr2yvLmrKO+ZpxDamVkoSUxORSghWWbTa1Wi1FD2jMqUnp8px4AMO2LyWD3SCS/icGFgRHJ3G5DsyAeKoAzm0AdGB4pqdwE2noNUAtJ74FNN9/8Mcffv74p3s3CzNLsnp7J7P0R07HlmktYeAIuWg7ZNuht/7T+CMCoNOlI5QORa72RuTf4N2iQ2VuPP1yYao+A+Ac67m6cO7YudLSnpzC18HUtxz99sfPfvgZHGztp5nu4qyskt6Skt5J98G66ssmhqcpQkuCzmT8qRuHD7/xBvzAuCE+pl+knt95ZSY1okjay7uulrU3NACcmgbkWBXnnvZ0WNuRdHJOnFs4be0prejq2VUY8nUYOVfv/OPnz+JL97smJ3OthTWTJYAG/Vd10PXhnMDbwIfkJKZVTwOKRzcOP3p0443DNw7feHT4MDwdPvwIPcB4Jx3qRB016CQtXUeHuudnzrRL0gE9xzpeXGQ9f7YGpFNfcWLz6kYFGl1IQvWiZMB08vRNowvn//FtV29Vb4m7pKms0d0L4gFI7W595tOEjAB/xkTpvHHj8ePHNxoev/NsdPzR48eLN0afvfPsg/HFRyAdEQ4KKjpRRBmShpkDQ93Hnl794tNqAASpR1I4VerS69//yW1dON2zebriZFlFjwiotKKxMQWmx1VRklWZtVkBYBCI3sneJv1B92QWHGT1urKynvpYgiG1alIJcN744PGjG+5nj0Zv3Hi0+I9nzx6Pv/nsg0eHF28gbb2TVpPEjQ56Nq8+v7qwMFPx6TfffJpbJakBU66zdnRYf/rWDdLZXKjYPOZKoempKO2pb2nJyenRl2eVHKwszMrNdqd0VNILuKqtk+7erMqMdhf8dmFaplVwpFaOnXrj8DsP7Yfdj24s3njnncXvP3j2+FHDs9OP3nkMcA4jOIBGUjUzU9aeVzZ/eubc8w9vd+RXVXz61afvfVIl6dKXWes6rOe/dW8sHFu4eqL+ahcgSSMCbVVYS0uyDlbCf1k9pQUHJ3tFiwFI7klrSVZW1sFeF7yZ+95lqYGQYbQTlPVs8fGNxcfvPBpfvPGs+/GNxzeePUNvgeW8ISorw90zc9vx5fvnhoaHDpx7+svNBbje/K7sT977S1NXh6vM6qr76Xz+2YXbx05cvXpCn8KSi+DkdOUiyVSin6yeisr6+oOTk6LN9PYeLGtEeCb1Jdl/+d0fspfGGI7SIM9648b3h78Hr7px443vb6Dn7w/feAPJJi0dSf1zh+PLm8/PjR899xTE8/R2dfnBysmy3qzqv3zxnt5VXdcx46rfgLizcOzoaX1LS6kIqCIvp15fUiKKBvBk9ZQXZmZmFlT29maBzVRVlmWVZDX2TrqyMv/wdUlW05Nlm8kI0nkDDPjws6PPvn/2zuMTzz44/OgxHD569Ex0exFOzrmHT2fef3794fMXL95998WLh+c7rE0tPR1FB4u/+ObTmaNWV8u4xAXKun0bonJFcUtLBULUU1ivL887mAJUmVVUgeBkFmQXTmZmZbkBDthy9l+mGidLDmYebDo36DRRNoDzDpjy4qPH74w+emcRDhYPP37n8eLTD95IS0dy5uGL7SfTwZVE0qM2mUxzc56xRKIvsbq9ffnmX7766lN9vdtu10GSOHrz+e3bZRXt7hYAVFEOynKVN5WKgEBZeSk4hZnZBw82gtUcaazKfu93X+uzsjIzKyubjp3bnuOkCM74B2+AHT97DIL5HuD8DN71bPwZcnQRTszpVJFqGa5kBZYkgYLQWo3WZmCdyyp+Lrl05eaXJ040VkGycF199l/HyvKQR0EgRqasL8grbSoHAwI8eeWZ6YFspiTrSInrd3/oBc8CNJlZuccWXINqAcFZfHZj8YPuG6OH33n8/egbj49B/Lnx+JV09gkytZHENAoVTZooSquhtVobayAg83oUjNMmOCcGL9+8c7qsutR6db5MRCMCAukUFeVlNzWVFx0sKSlPSScFp2Sy4Ejj11/nHzzY0QhwSiaLjl0tO9f54BSKde8cfvTO4Tcg8D2ChxvP4BHC9BvpqCzZx5EYz9AcTVIAxkNpadJLQsKXKzlGA/hontWwbGLw4rszFXXWup68lvRAcHJzc7Ozq0ubDmaW5RYiVYH1gGMV6CuPgJlnZh7sQAmsIDPv2MLTcx/FfG+kcxZya3GI2erw4ZdJQrJPyZGARasFJoQbaKkMGImXU6uBvBEgKCOHKb1emc05tzJ45d2KKXD0NCBQFoJTnpud15Rb1FVRmZZOb+Zffj+ZVVaCbOagq3gy85Mv/lo/s7Cx6T49eOi//tN4hODgUoIEMgIkAP1gwNuAngBZgrfVJIZ4kxwdA2UyrSzdqy4tLyq9Wp8tSqdJhFOem1dysHQXTkHvka+/7j14pKS+sqASHL0374tPCsAf3TW6/IXB3/yncQXBYYEvEhgJxiJFoOBJTRJyxOLUgBPQAN2FtzkTRbLCpeTOw7JyYBkIjrWgHOSCIOVldpVXpjyrAOIg2O+RkoLM3pJJfdZkdlFuaUVeg7u9sTjzadLp8RhNE6YxIM1GowkNo0l8pkyeWVE66PqBG4F6CPSDeJKcRC+BwYnAQDokaeJYjKJUTtvctYd1pbkoKuuLigpyqxGc7Myu3MqXpowej5RkTcIDwCmqy3HreuqrcgoLC+s/9Ni0WjmUFCoeV8hsqJiwSaUyHF4pxEoCwUGCkSKBkFKkJwAgTR1IkcBSBzhOKHEbKVWqBPXgu2VdeSIca15m+RGw50qkrFQgLCmoBKspKyn55Isvqqxd1YU17nF3S0UVoCkurL9swrQyUkko4TrlMmQKMrUUmDJcs0yEoyKRQJBUkNnIRekgrcERiUgcVCZyOSnXUEaKxAnKBNUAM9d3sbo+R5970Oo6kpdZWp2dp+/ZtR3QUmZvVl1J7ydf/Lmo2l1V465qbMzrcYtwinsu2DAKHAd+KA75spaDZA+DIokUHCQZktiVBWABNFBswEskL7koOYKgabWW0qhYWkoyHg0/t/W8Qp9bWZ3dpAcwmaUtu6acU5JZ0lsJntVbkNtV6XaPn2nMLy5saUFwNnMaC/MGBY5Dp6dST5yG04hwvMqUsmQgBxCB6E4gBtGo4TCtLCkyboSXwWh4UyqTyUiSMtJO9eDZ6sojuUV5R6zlxbkV1ZmVaWWVVH7ySYm+t8VV6G6oaW/Mh1HVk4eUVZhTXFi54GNo0mDgSDTQxaeetfK0dOD8pFyNTktgSEAgGQREdHH0YfFZjV6m5IRhcjVFEYJz5UpFGThWkasou7SwsKs8s1g05covvvikt6yrvsbtHs0X0eS3p+AU5zTmn677cE4BwuZ2dSFNnyptOzhcOilHyiHEgAOv0EnhWPwc2I0U2RzyfPinhJeAnNca4Xe2xHUIPeX63PrS+sLGQmt1ZnFlQW/lJ3/OdVXVNIy35xcX56fgpG0nP8dVMXzigkrhoY0kCnfohOJVw4EhJR1Z+tpFibz0ql23kqe8DRMjQPqrBEdzJhOhYIWxa2XlufrcgtJ6kEN7YXVpZuFkSXlpYcb4+Jn84pzCXTjg6IWF+fVd9ZK/fH3y9KDCCX9TjLXob0KZoYVTMbvKQqKQkUgEMmRCGCFDgViJXEwMhGAzMjEMyZDPQcmNxMkyPGVULU8/rNYXAZySRiSKzLKyHGuOWwx6KNA07kqnwl2co88bd1f95e8nRm9PsBpGmrJWUgZXDWciScVL2wGbIZVk2ttFt1KL8YcUo1EKD4byh1qOLEuq1VAemQE3mjxM89yVjnIRDuBBgHryqxAYUE3xSzhV9dX5XS26qvyS9o3FA+P5H3pVdMo8MVnadkhpCg5OvrJbmXhmtSiDtI3JSTWZAiQaNcgRcgqjoj2clGZVKnzOuDw4U1Raj8AgRODWoLVUkNmF017V01PhdiO7bt/oPzDqLhx0UgqSxGiUuVN2IcdSyjIgWxGtA7xYhKmWptxILj5DzYakKUuBRBlNKvdipBasSokhlFoh+byuoASQIDxZjcUt7SkwaTjtVcWlLRJJe3t+O4IzDHDyn/poTAOxDODI02aK4S9tR07SgAUT0yWaHQJ3ErMVckMlsmKalkFYl9EpCYnxWxSUeB00v3KxqBLcCMpzEdJeOO1VOWXWFklLXV19Yz2CM39g0X0m80OGBdPTaMRziR5EYik4KRGo06qgIaHId4OBGAYJJehPLVOCHavVtDwlXHlKjVJ4raCo5uULFQcbka6y4KExDQd+8mvqq1vckiZ90cGDuXWlxW4RzvjJ4sZBATK6EqOIVAAGe3yZJMh0vhS1pEbKE88mT59ahAaZTvyUGIeQl6UwAWIt2aYRbFsblflZyH7g30s4+fXWlhpJTll2Fip+srLrsmusw/OL7tHNyY0gpqRwm0masksIbWlHl0nT8Q1UoVTKORLN2ImSEnM8ehskJKXVAEWJ9CcXWUcq0clINc1BbpWN9V0vL85vzEJ4RDgo6HWBZIqPlB/MqhTHwaymwuoTFd3jjXlHCj50MsB8Obhq9EfI3biDi/YLCMBUkHYwgkuLBCPVu1YiRQCVSI4yFJ7JVPwBg1ODKj0euZYhhJWnR0pLel/CQZJxZ7TXlWcdLMiE0jATyae80NVVXNbTBayjcJCXU6wqRWoQtTK8sh2ZlmaAJFOUDDdSCjFpiqYMgLBXqQu5lVwkHal8m47xQBfkPKdkJw7U6yvaxfBcmJ9f3QPBsKYCkkZlZWYB1IIHKwvyyuqKJW5dfVmx2z15ewK0paSlqWRAaNM5S9ScAacpSmqkaNxI2qRKUUuEmFZTOQJLsSJMLpoMmX6bTKcWcHgZJeWTax36jtLGzKr84rqpFsig4zUV1XmVWUgykOvzuqoBTHv7pFtSX1bvnrzA8h4T8mepSM8Nr/gOgWmgsMFlDM1QMhuaOyPETJpKqRCw0tk8ldXF+dCUpRO7CVmqZnB25b6+TO+qcJe5usqq8wtPnszPbSoCJl2QWVBQcaQup8rtrmqvqmpvd+tayjI3fQKllXlBN2IEZva95MoykpIBHJ410hTGIAApRyfJVDqVi8oSJSRejShgeTqjpQwMYzhK+/mavqzONVVdbXU1TWYdO1lV0VRUVFSdl5lbWt0ocVehoNgOgKqq3JNd1mtORKFEHoHSUFpZ8ILTUiyusDC40cZRQIvFZIUhOHtOSIg+Toi1hpiOpdqUr4uRw0sZjSS//46+rKnaarXquwDOfApObnVBeQWoCVC0o8BYVVVSuPDh0sSYSYHJU2UVpOV0GERpm2To6c7pxLSP9Zq0ChkoB0vHlbSViEmDeMlD0i9JMW6n3tV6CAVO2/afLbPqrXUITvGxk5MIDhQ/BUXVSCgioJKswoXLgxNOQiDajGT6b4KVGnbhwLD4HI5QaGCg1iBYGB45kpzcZT3SXQkhyYhVkIiDlMkwxDxAhJDCoC5gMC/JLQ9+pK+rcwGc/OK0soDAZubCy0ZI9UDJbl++luR5mtF4CbBXIKViEANveWU7JG2aWA9znf2OaZ8jHOVSAXo3ImNpRiZN25CUpFAmxmgbjWMaYN40ySlo0CEcYQ+udbg6puoATiNIpwfByc3LzOtqb8yCcHT6cl/SKMMJDk7BiVcnVYvnkO7yHVFcPGcJz9auDiyFHSOhaR7cRiomBOQ/qLJJVX+pxCGXaykZT2igGiBlDK6ASA6hR6MUeQLnXbk2Za2w6uva848t1jQ1ifMKeUBcK1ueXogwvJMhkclBBSBHsVX8m+g0aTgsOoPSoDEEBszxwHooNBKPItwpuyV2g15KJ+IdD/R1HNeaKChLPFApqXAP48TTJF9LKlZeuJB0uormN7vqmkqLspvqKjZv33sxSAs2rZHjlGKYVYrUSszcYuLBdqUDl45BpREPW1bD62FfeDaKc5hIiuUiT5Sncich5g0p8jr098CPgH6pFQoFiYgL4UxFJ1KKYSt3uqyuUgnE6PGWI3lHOmZufnhteo5nDTItlERYKsTKCBpdpzxFw1+lUEKjVGpMWkut2VBba65tNpsVNKRpDAFIMTGCSJkQsAAZChQgW8oY5QSZ1tLaajYbIGxSXhwXg5Wc9GjnYh8h28m3j49DFTZzcylpE1ggDDJcQXs8WnQ5IGk0P6IUczKBamTtrnSU6E06mQxO+3zTSb+lFadoMTaJfz1FoVGaQ9ERLkOUAWUkVLg/GA6FAvFIq0xNQ82MTECKcSY5dulKh76rPevoycyO+0v7bU4tLxCQC2WUyAHkKYYiXiNya3Ee51UKBTiMZdCuszc0ZGQ02BcHpi0AQgb8U0PiNEiITLkyqQEdQr2I5ENIbZZphw7dP6jpDgVbaZuUhriDUVLgaW3E2MWppvyChee/2bdiYwnKw6lpZPOUFk3eQAIUmcMu60NxVYp508pSoGGODdkluu7uoaEGScZQ3K8hbWiikMR5OAXU9ZBFFCTwGsACPzSh4v0jdklG9/AwfEEyFLOQXoqiWdxkNCrhG7axnTsfXo7yl2gKLgpdAgq7qCKSpaeyaNFZUfFJpEdaOjigwVRtgwFdw3pf52AsZJfYR/wkT1I0OALi+zTnAVtVQYBRG2kNxlNqE+Uf6c6wB5b8ft96f0bG0KBFaGsz0U5cA94vpT10MmHjbbTGYKCMwPiUr8J6mgKIuRcT3UoEI1MqXkkHZ5S16xn2zlovJfhjQxJ7vNaEG8EpaRJMnWNsnBxXaBQeD00btbQGpw2x7oyhWC2uUJlrIyMNGcMRFieNJprQ8hhFEpxGwI3wZRmPa4wUIm1pegAVnFycVCPFKC9HFSYhMhWF4RUczEnWhiX21WZGG5VaprslQxFeqqZIAfwMF1Sk0WhwSvlmiuRonBcsKtbfD5BbAS9J25pbQw2SsIFjm80WUo2bLRal0WTycJzQLAisBd2hJlOhV/4yw70sDdI8Rf4aHJxXWcIN9riFNWgounVElzFQS9G0JdIZDsQmLKSRmJiY7psgvFI66fMF/YZOu8RRq1KSWo/HRBoiQ5JhC5EMRnxMqy8eXvU3c8CfOG8kNhKIT7SyaoqQ02Q6BMvFSJEmCKkyAnkTqXwFR67AzWGdPWYm5DjhEfzdkuGICo/Eh9GtyaERr8oPBtLQP0FzfnhLN1AbkOg6Bd7GMwTJmajWkEQ37e/X6exfOsCyM4bCEUGjEGLD6AZr90jUwqFco0UeKd8VSDo3p5gVhD5ij3QIGhPhNBMaiLJUa3+Gfbq5dqRBN+xwgCWN1PoduoYGR4Q0WvolEvtsq0PS7edMHooiDCypaY5LMsL+/gY4ecNw/zC4XMCCq4NDGUOO0LDO3r/P4OVwHNOKCU8mZh8xFxLo1r6CgP8UCuUeOPCGZR3BATsE5m4ekOhitdN2XSBSWxuEU0fMfQ7JfB8r85rXdd3rE5HhjGGGUspQ1tBSSvO0PSPUOr0EQg37W/2xYUnDrGCJS7qDlmZ/SCIJ1GqlDAMBVJ32rt1oLycU6YHLXoNDiHDMUDmDYVsGMnTxWodkuJV1Ntd22nVxMxuzd/uaGbx5QOLwW/zDkn4zCrJgklKKMkx3NziazWBCI62Yjavt7IYPwTV1+w0COz0QiDVzNBSr0t1JEmnKvVHhtgtHIVPthaN8BUdOmQMZ9pilOyMQaWuLRvuGJaFW3D+sG2Hn+MiwJG5WwGO/n6XQCgKCISmVKB3WB3DM4G0ebwiQmOMZOoevFRyN8Us5mkDxR5yQFYslTKzNId78n+BgOFHryOj2Re2ShoYGe4POrgMxEeBuw35V82rGkJ+hwM+HgjwnXqSUwM1xiSRsZoMIDk7TUSEsafA1g71J7MMjyVZeRmG8ApKaOFuRDsJKNLms/HXpKGmFBUx5tRXg4F5VBIzA32bXDe8OR6tBG2ywD7LmEEiKMloCDQ0xizhhKCU4lSUkaUhYRDiMVmO0Ncd0uk6LEBkZgqTWPRIxcyY1RCiCQDkKS6tJCe70Cs3r0pGlPQuj4OPmkQxd2Dxht69b/DCiUb9fC9HIASZp6e6eNmgh4zYgBYrzclquOdgNkrPhorIAD9ccztB5DBrcEomHuiW6gJ/RkFBSirM0IrMEboFIn+bfwMEUBnbdjuIOOKQBeUjEDMEnVNssGDReQZgzYbwh1jDsj0n6W5W4jQZtdccsNqgSKS/fGspoGDFzKdthjCZbxCEZshi8TrO52e+D+D1oUTKcVmSAwLApjoFaTq54feyFQ3J4bVxnXzKz5ubW1eEM+xKjBNUPBc1tKl4wW4xGDdscGdYNhiSQGoAwgC9JuuOtDM+zrD+kk/RHWN7sG9KFa3GtqhayXsBPQ0TWeCjzElym4IXqBFeimSwSuTFH7DWbf7Udr7cTzGHE50vGHGDCcYtaY4jZJf2xqL/VNxKKEJTUaRmQfNnd7ZNpeNpIWEa6JXbHUjAajPfXSIZ8Nt6J4DhiFn9rfEgylBR8kPmmLRb/SEO3TzApSKUCbAXZDEFzQB9JBf5v4cjZ1W5A0W3vbkBZYd2iJDHcH4Ag2+/ot0uGOhmK4/BO4GcOC2GiKQhOrfFuiM9Dw906ScZwp4GiPDyYssQOX2gAwflVE4FFyVAgDFnD4bdpcC34IVKWkqR5Apcp/nnshaMyr9rt9m67vcE+5BjxtYILkpQBPAOhs4OMcAJ4emu/JCNmZkH9JuBl/mkwU7S0ZTgQNcO1YyqwncUh9AXHtEXAafN0f4b4KsIagJ2RgAYVMATOsgKjwgmFEuLLr9uOwrB/enq6E0aktZVVEQwQLwVuCcZHAuFpvxnnFJDqmUQ4HiUoFQmhT8bhtqgvPjAQjgUtrCAjWQrgNIz0zYbhCwzOMlqWjcyG0ddZlQJKCCDgSkTLKS87t0VTJPPvpYNTWoFl2ebmZgHHaK9GY6AFAyFj2FqzxWxQQcjACQqjDOZmGU0JhIYlTSaOMrIQc53NrIWHCGcyCZGhjLDZ21rLshooGKDmpQ2smWGUHKWwUUYNplFgIMU2jTM+1ecEWofjxK/DAT7LKnBW4BnaQ3lVAkZqcA0kd0zDKTgSeCCphPqXIAArw6tV5mb+lKfZwLNtJpJjgPQhom8UwHbCtRoPS9BGnKe1zmYD7eW1GhpCGXiTUgX8kGNwo3nset5zNY5BfcYBn/8VOASL+/2trRbQMONshaTsh/QIAVqpIVQKUcTKlCOAx5PcxHRnEhOS09NtRiNYAg4WgWGExRSDSDWYFHCTwqshMW+i0+dTMBwlpVMnJNCUFqFhZOt6V9mFSxzJgEuofh2Of6C/vz8UVRAGXwicY8DiVQEcklSoUmEbLX6EocFwHHy8IdDa6rDbw2Yjy5JaLbrNgUX7GzIgvwGN9EyYjBQedNi7A7UMhQoP0SCMKtpIaVTNvory3LqPEgJJeyAsE78Gx9g6YM/oDmGMgY044GiglkC6hashcBxXsQYDkGsCY1QsITcnAohkzDokI800PUcyqDJQSyOIDYpwgOLbnEx09oAu1CqjDEQKDriREmdVwvK72aXleU0Xl1mSgcv9NdtRaMCrGwJ+nDOqBP8B3ToEWd6gUHKEUYMTaC0kaEOBG4BFGjVCc5/EYVa1xsFSaEbD4zIOamgcTwYhigY9vM2sRHxCY1myO1px0sAwmAouihRwDSHQzq26zNLyotyyQadGoDnlr8HBGLx1xB4wA0eSs8C7Os0caTZbvBYzTqoEi5kxIw+DzEapzObW2qgkZPZaEJxWvwWqTCXNGCAaP8C9zayRY5nWVoNXQQur3SELwZrNZkyBQU5gVVAiMfvvlAOc3NzyOysqpQr/N9JR1o50j4CLmlkB2E5nLSsGlXjUQDCr8dlg52w4HmE1BO/vHAgNrEvgsgHOSCwAJbqFIvBIbMARWI1wUoXT3xkIBWJ+mc0cs4fMrCcej++H0ImInUZgli9PFVWW5ubmFnVccFIs8W9sR2MGZQXRaIv0S4CsrA5BlAbOZwAimtE/ZIdYHzUa/QF7w5BdrGpAWYvd6CM+0G/Abh8CghphbdFQA3yiIRQRmhGc5kG7BJiBwUkYcRVIbLqjsaNCe2IRdQAAIABJREFUX5dbVOSqTvAQR7BfUxaP1wLfGUoNu6SzWeUb6IwE+yWzzXzMoetf98WHdeuW2rh9OB7pCyDbscxKhuNBoPT9FmCKjsFI3wFdwAx5tr8v6nPYB2qbYxkhiyE41L0+bWAFtCiAwCeet4/bWxqKy47kucqfz7FKw6+GQcxgCduHQw40QouSVTPHmWtra5caAhaiNtCwXitAlRqqrR22D5oN5giSDsAZqW1uBg7tiwx399XizZEheyQy1N3H4s3T9qGo0GkPtPr7hwZrzUYFbyQgzAhLm6OLJ+26TVdL3VR20yAr+1XbISikrJFWMDuzBUw5ZmGaI7HAyJfAyFW1AQgwRHMnwAnaUXGB4IjSCTdzRqCOcZ/dYVERhtqQJJZAEmENZgcU/J3dw4H+7k4L0ClKUELprppYODPqbijWl47aJdbcoqtjAmb4FTgKj1A7kjFiEaNMrUO3ajZ3DgN7WIR41wbEOGzGzSD6Wl93v9kgNPvScAZqec4clgxMZzhqZRQJBcjsPkmglcLZ2lBDrBaIF6pwcA9HG5UqjQxjLhfbGwpdXeN2+3j3aWt16cVlDuLIv0qH00DNOQLBhlepzP2gLH+/Peb1L3UHLHJzQDdrISwxkI6/u9uislmCu9KpNSAyD9IBkzdqQay+hM7hp0i2tR+kM213HHfoQn6GZJQKCJZCcLOq0QpgxsdHz4yO2utzzsbg8pX/mtF5Te26faRVxZAgc4euszZiPwCGsdQQqmXBduIW3tzZ4Ght7dfFLc0oDLYqVODorZraYPdQm7e/e7C2uXa6ewgKwu4+s1A7aB/21/bZA7VAqkN+L4XzwI9NT0+Md1Q1jOZsApgzJ0ftDfX3VzCDRon/s7IYw2p/Q3/cYiPk0fCixBED6cSDsX4dvBef1x2YrY2FJIthb6e9e2Q61g+HXDN41kgMHG6kFXh2dzwSG2pYt7TGdUPxYHwIqthVR8Nwgg0OI8Zq8DCEcOGT+eGOoW6AslnYPgpPo7rT2zILcAZcgb1GTjV+R0N3Q3+EMBiCw0AKQ5bYkM7e3d9tDwEweF0bAro4HKyNDzV0d883dA9PmGftw8Af7YEozkJWRVxyxE/zrSMQsBqGRlotkGPtccT44a+xHo5JPj0xv+iaP3B0cXz8zOlNwHNys3ghquJ44BmvS8fAdHYmYgnWiBuJzkRnbIKytMUDnf7O1TYh0bkaS6gS09OJTgNpjsZH4v7O2CpGJWMR33o82qrg2jiLLx4IT7RqWNpcG1wPjPgsAtsG3DKqIc2+WCehNOLC5WMHDowCnANHjy52L57JObEJkBov4xogRwpchu9NEhwDWYmVsQwJtQ0DkYK0WMw862VZphl8v5mC8sZsoXjwYdYL/zBWq7EIXrZZULEsB4zNXOtloMpRcJzBXNsKBkEYBKCXBgXEkGbwNXZ64cCBA0g6BxCg0fHxk2eQwjYTKqMFGJFyb2Gj4WiZCbgaTxMalZG3GWnBSTlxKKxVJgUU+xjGyzgbUAIeKB0j4EaGaYZ6E1fRHhrnpSzGGYFAqlgPg3vagDpTTg/OcUZga1AYCoKCZyc+PAo4xl2LKThH5xfBvc6MNuS/O2b0YvhrcHAlyahpSjXXN8bQy3zSggNZ0E5MmDhMHRyzTY/xyaCRGKN9PiYZjHJE0niJn5gLrvA+n5TG6GTSxmJqX1A9RhlMHiHh03qCc16aVwHBJZQE0CaBv3YarAbgiNI5gKCJgCo6Oi5cQrM4BLFXWYzzyoUrF26dv3fll4vx62PClv769PmzS4q5JxtrSxvn1+/PRPo+mr2uv3B9ps85d3/k4tK7V2buxaznl+6vTujPb11aHoQPnjddunjv87MbWxePXJwTaODXCvBilYrigwvFp48eFZV1VMTz17/NH1g86XLV1Z1NCDivIrx7wiDDXLqycfbmnfDZzhnX+7eWiUvvDl68vH5RGFtb/7xv43p87WHiYtmFwev7zz/0KZxPzrm6rl3f9/DyxvWl+/uD767fu3Lr1ocrnRvL+9fK9j9/6Lswc8HD4W1cKuJqjN4PTw6dPH36wGLHYlo2f/vTn070H3V1dZW5Li7ztIbcIx2c1Cxf2b51+f69tZU7Nz+a5jHb/a2t8+e3nJd2rt8fvH5+9s6LxNl373euray9iNiY2Y9ufrRy7921pZnzsfsXB8+uXUtO3D1/f/DszrXz15/cv35r596dORZKj1TANTb7Tl49t7h48vSmfjGtrKPzf/tb/8kpl7W6qWPJyVN7lUVQuMznmYgmtvZPJBIJE07T00lT37XlNmbsWmebL+GLLbUF5/qSPqbzwoSKNnUmErTpQoLpTE53XjYtxZwe59zS0vLSkm81mYxdGEtcWFUpWT6VAAjF2MON7b61hcX57p6u+aMp+Xz55dGTJzv0er31yMMVBojrHoJBsRrcaPRqnVqNQiVolJiG4TmW9xJeTC54VTxrY4EhaFUM42zmKScLruJV2VgFbVPZHmh4WknRqNT1CCqB5W2CF3fyUNw4MUjJChmh3rnVt/X56vXTEAZHN0+n4IAlHTg5BXBcLtfOskBSe5SFq5S8jTIvm1ql4CRSXj02Jyy3ccwlGzO2TM+xBid7iZHNqT1OG8VQy3NGk6CNRhUKLUepnMsU78SFS5wJarw5tcWkvrSsFdSYygiGrIBK0zYR/O67lStbOwvzo66T8/OnT8/Po215B+bzkXT0+rqPQJaaPXFHQZD8tm/s1q25J31B+tr2rd9sJ3YmbKadW/uf3Ao+We67a9qZu3urr6/viSnou3Vr+0nsiY1P3nqybFRcu9h59+LdxP2+u74niVs7ibvbF3+zvX+njQVSL2PRbZ4nn39+99rWyvZCKknMzy+cFt1r/mQKTpnr3hy+Z9ZdpVGxY64X2w+fJs7vXBjbiG9cuHD++rIwd37h3bWFzrNjV3YudOy/33P9l1+uJ65cubyx/571ms15uez8ftvc2rmli1djZy/vXFxai1XPXLke3xjcPv/uHCGQHM1SmDBx5cpW8MFE58Wj8+mojCSEpJOC4yqzdgw698wrK9sI55WN8zsfrg3Cw8r5lTXfpfODK/TY+Y7w2vPpsyvbV+5tPL84c+/5L9f3X9lJXH+wfn4lOXZvZuZF0nPz4b2LDzvvzG5djJ+ftZ4NX19ZGxtzJWhKTtEUqZElf7O1NfZguW/6Yt2x7o50kgBAm0d3pVNntd5ZYfdQdy1vu7X+YvD+9b6LW2tPbo3d8l26tXrHZ3xxYfvW9b5797e3L85e3Lm+c+3avfsXnkzfmgvubN+DIHBvLejcub69c/7JtbWdvrWLviu3tm6t3BpTX0zSNIEp5JxRdjf43USir2/i0pPTLaWu7nnRiEFlJzdPnAA4Vr24d+bFg72mbBBMtNq0PKYwzSWoOWJZoxmzbZkE9ZzHlOTmEkmPiR/TJk1ReizhceJzBKft66NMyZUky2jH1KZkUpswqceWGZupDb7l8ZoYTGAVXobBk/7vvusb3F6+dOmKddFevXFi+CgKO0eRyl5Jxzq1uvoKjkpD4QKrUZEyphk3OqN0MyvQMq+BEMCtaZYXnOA7Tp6lWIaX8zhhYI0GJzh2s2AwcgaOx/FmgRVYA4upmlW8jOZ5Rk5pSIzHTE8+T2xNPOgbC06/W9BU0bVwdebY8IFU7JkXHR1Jx2rV35/dwwYx1mSa45IMkVxNJBMJ58p+fA4uem6OTa5qkyy9f9W5nBjzacc4xrmaEBIJ1tRpMiecnpWoyWTq3J/kV9r2rZo8ptUxbMwzZuocE0gNBld2d2fwwvKD5a3BJ59vFZRUVp4dmj+ycXQ4DSelLCQd19TNV3Awmr9y7f76/RV53521a2u3Emv3B1907tzavjh9f23rxcTK2trWtfMXdy6smZzX1tZm184vvbiz8/naVt/a+s7F4L07W4Nrvjtrdy9ur91bPbt068razpzKQHLkxI7vUt+ybyto869cOHKwJKu47tzQ0Ew1AnR0r3SsTWWvkoSGtr24MjNzflVY3rl8bePKrcsr02evv3ixMXPh3dm1h77tW7PXZ9Z/mXVdmbPdj19ZOH/uytn1y7Hz707Xzew8nFi/vnJ9ZvDKdt+5tdl7F/QzL7avX3YCBTRJnwQfXNoa3J578KAvttZUXlRZ0pvpmllc3Ng4Nj8/f6JDFA9Ip846tQcOxUtfbN+7PLWPVN+6Mmj95cn1e9ceXrh48ebU0tnnFx++uLz27ot3n3+07/wKM/fi3fM375+Prz1f++W6dfvdtRcPlz76JaiHvLnd9/Di8/NL4PhXnt8ZE4Dq+nbmfFsTl4LLyem+5Qul5dUAqLc3s+5c9/y5maNDox1TkERFOB11pa/gkDweTG6N3bWpmGAwur09tn3N1Jfsu2u76+m7kgzuBLd2kmM7W8t9RgM3t7NlivjuQtS+mwj23YVPRa/tRPqSd6MTE3dXdvo88MXOnWkPqWFt29uD22Mgn6Uryw8eXCnLzm5qKs09ONle3dG1uDhTXTrVUzclwrGWdbySjoKjKSfDK3hCI6iUuM1mk9nkKlZoVslUzku4kialTkp1SWoQlBqeUNtUSoEyqm242snKlbjMi9gocARcw3KXnALBkqzWplBS/N2dlc/7xjx9fct9lyYSa+Vo7UxpU1NxaW5vQdm5ocXGjilXnT4lHVfFKzgUWuCA4zSj5JUEpmExDcazKiewXYohNDiapzJiPOPV8LxAELSBZFRKg0aj4pRKo5EmFTwUmRpIT4LRqMIU4FRA4pXGtouff/fdVt+VCbAc33bnhSNFACgv+0ietTyrpCTTWpE3VaTflU71HmWxrIZAxBYzcBQhGD2UhtZoNITKqOEMaF6YZiiWpChG4+RIDedUcRRu4Fi0pJalOCeB85iBUbEaimF4pZKllB6MwEjb3bvfrdwNft75YM4XnAiubJWJW2DK80qK6kqRUWfX6zvKylKObnVVv5IOjmvQHmySUKFpMyVaGMHhSpXCoFHgCpwDKagYYOGYggSNEASO7rmQIBAMZ2iCgc+QKtyAozsZLPwxDcEpMZrxBAeXtr+DmLx6beXzB8HY/VxwLQQos7S0vAkBKqmsnnIhOHUdHeW9r+D8Xwzl//kjLz9GOBUU67m71Tcd/O7zYOzi9Xv3E30T20cyc6vRtGAB2nhSKgLKL+yacpXpO/JKKjP/n+D8Pw2tk+Cf7HgeeAaD23NB/bmZmfufP7iGVukXNeXmFpRXp4y6NDer/WC21WXtqSzJavzfg0NjZHRn8NJY393g1qVbm8OLQ0A67uVA6s4rKDpSUNZUhPZ1IUCVRaUFWdbq8tKCkv8tOEqljZIfHxzsuzYGPpXYGL09f7viVuJKXlNeuUufnX0w9wiyIVFCeXmVBQX67Nym0uz/BTiosAKCTOH+J4N901sPloPXki9Oz385tDY9tp2H9uQ0WcsrIfaU54peVtBbkJ1doC/Py84t+h+DoxRvo6AnjFChmxmseufCxKVLS33bE5ceXJsZWjx9y5O4V482lxWBAZU3FeSKgMrLM/OyszOt5eVNRf8zpqxMD3SDHK1pY1WUxmvbvtb54NLElm/r0qXOtZaFp4X3OhMXs8GMi3KtuZmQu/IQoCKAk12Qnasvf/MfG3n/M9JBWDRKpZeQowOM1XhZfOKup3Nwaxo8a2LwbM2k++uqquufP8nT54HN6BGcgmo9AlSaW5ldXnrQ2nT12ZuP/qfgoPUC4h17pRKKB6gdPHcht8buPrjUeS3YqZe4v56sysm/92F1vaspr8halFnmOpJXrS8DQNXZTZmZYMrVTeXP/ielo5HL0bIB2kPgBm3fdvDz7z6f8ADruhTTVxWDfPQtLfUSia5eX20t6iqrmHGVZ5day/IyGzORKZcW5FW/riy0rgfda0d3isAiUc5I/YLA5ThG/DswMEhSrkxrTMmpbSyT/M0FyJ2fP+m8dunB2Jr1TH3GZI21tKUYNU1w51mLKk50Xb1qLSrK05eXV+YhOBCFCnL+SToYjslwyFfgIwrIV2g6UwSISub/JB55SjCpe5Q8Zxs7Hun8/PPBvu++Cyb7Vj+yjndkuSUdGV1VEl1GTY2kw9rx9FjPTF1Rbp4V2Y4onUq9a2/cwWAAzWBxksQMBEtrlApWQytUSkippBHnf01DaBFDepUS4EmtP8cZLR28e6mvb6sT5LN1bevzO3q3KzujuL5UbCBRU1Pjdud9eaDlo/IUHNBVdo6+PLO8qetVFQomCISBwppVGIvzrIWmvLjgpVkWZ1mS01D8q5uWu1g0aEcXJt9dco7uh5Lg53P0MgTA4AQ/9nnw7thycOy8vuovG1fPVrSLfZQATkZD6ftfbrRU5xUVQbwRpWNFSf6V7ZCkxsu3zXKm2CozMd22GvewE/5EWzJhtHR6gU8YOeU/yUZ0Jkz+cgF86khKeMnlnYvbvgcPJga3ti49mPhlwd3VWHfu6dOutGxqGiRn7tw5Wl1x1lW9K51MBKepZ89NAFwZDY3Ew6FYKBSOB0a42oFQuHMgEIr3MyojpWL/RVUEWr6d2uqW2ieAiUvRSTbySzg4tjwI1Uxy+cJCO5yjbGam9PkGSCfVAiT/23983/3oH//VVVjdkYvgFGSiDXB7pINaBSUC6+HAcHwk5FjqDwm1jqG+/YGR+flQayuPwYeU+D/BETd6ycnUVu3UOie0snrsN0+W+7YubDmdg1cW3Eg7ktKnGz3PN6rQIYwT3z6s+P6zHz/+sULibmpqqizIrq6rK4U0lrvn5iNORAOBgbBjdWDJMRgaMdYOrAdWB8Lr8YHO2WaPUSOud3m56kZc+iLuICVSG7sIqZpGC8xIte/+rSc7d+8+ufvk3WNHxfZK42dmynIXSiUNOklGff35b39y93z/8cc//gOUU9bVXlBWmi/Jrys9e/3cHs9ScYZorK1t0Ofl/JrpaUo2YfG1JZNes391VuA0qQUl+CvpoKUvRFoksvSmUnEPuWks6fGY1ElTMkEbvIyF8p9snNnoAdtp0LVvHDt6J6dG0vDtxz9//9NPOdZGSWFZo9jq5+q6bU+Njm6rOZubLc0Wi4V2WhjMq7UYzKzZ3GwWWr0yC8NQHKUR7RYjlGhbJlq6nZZMagE9JlVr5RghY2S0lMDAVW3ongBuXprMf3i+YqFJkiHp2Th9Dukv49uPP/4pZ8MlkVQVo7YyGTrJyaCwZ7qJYFijaTUWiIUDs2bPfmM80bYvOBuNJWIDnZ1JfzichEStBJ2JS+xE9xa3qaNV2Wq0PJsgUrtg4KVWPEbrojkao5Q3a0A6TWerM+CkZ7pQbxYdwPnhXHZmyygkhlQrIt0xbM9NAJqReb0TodAICf5VmwzFHOFgaHro5nDMsR4I7LMMr3oFluYh6CpJtIdN3PMCkQ8IhVotLoIm1eIqW7RNE60rBVOCZyVtU02fyPjr1Nncj85+UoVa/Ih9h9p/+vH7jeKinLKKxjQc94fsawuECWV0MBD60hc/EKmddgRC4SVHp6P/y9X+LwcG1iNDAZ8R4xi09F4DipBj4nY6tPQC7ZlEWw2ktLjFTGyIgF7B2yRojBEut2d8/cmds3+d+sSdkerxliEp33z7gzd7egqr8tPtojImB4U9U5UKHFMlHODkiYHQrHl6ti3scwy0DSRj++F1PLQaGOgcmMBYmZESlyHKUhvq1UgESiU9p5aRkEzSO0rlIDCkUvg9jTPR2+4Md1Vp3tdfu3f7ZYENZZZVlLp3X8GoORFV7ZGOCiN5rk2I+gXGYpFZzFGvobVV2drMGP21ZoPf6/e3JaJGNQvBmZOTytRSRJAB2uQgR62H5IS4TDy9ShFeg1LR+nrVYD7Km5DIdalWXqgzlCSvTFKW97IHH2pzc5vF9y5FIyhe1dpqsFhwSytmsWjMrN/MW/w47/fXsq1+S2srY4kKXoM/SskVqeXhZHrHjjq9xSC9NVjcwoV2q3BQ1DL0TbeYHHRgwGgbA8CBYFjR5a5rkWTs9gLMkFRdVhnYvTeuOcHicPjCA/FhR7g/FAzHhwdm10O+2oH+kUFHwDfsaAv0z86COXValBRH7i6ll8rFrQaoTwJJojyRaowAEqI5WsBt0/k1KYupydiVDjp7XWHLEbfYD1An9vzLDyrIPXAUAs96HSPrjvlIYDoccHSGQneD4e54syUQDKw74qv9jnjgUCAQHxhI1KrEpb6kaMiprf1pQUnVhLjtDwSlIVigAdrlF0XtkoyXvRPTqsmQWFsKy/LFPlagO52k5ljUoNm7fFrThmH9sRhcfGAiPB/yhSCBjRwIRS2hkdB6/3p83jHrWB8YWA1/GeqckxlRvMHEtgsklmoKIe7eIlLORci1lEJFUjJ84nRjdVfG693WkCXpeyTVLal+ZygcVV0WCNKw946Nh6YT5oTPl+z0JIKzbfsjA7FkMGYydw4k2sL7JsKz/thAcP9EDNL8dDP4l+hFYhOR3W1T4nLo1NtypdYEdsMKlxvHG86U5b/WUBLCTnVHR6+rI9WUsQbg5PcJHM7unebmWcrCGgwGBqy42aKw4OBRzQYWg2ev2cBgFsEMts0oOMHYRnsVL/dIif3OiNTGrXR2R+qjjUZeJgRPnzk52lBYL3lNOpLGjpzMqepyt9hCEpGgYxEVrdqTJAgVgeHRhA9Nd49FE0l/G8aZOLqNXsEsHlOS3k8b2wym6GrS08wzRqWJStELtHlfBJLuvaBG22bEFEaTJGNavtw46h5fPP1PcDJq3JOTBSVud7rPZk3VZZZmCH7vDSTSaI7NO/wqZ3QgHnLEAkAyICzWhsMDS4GRWKg1HG4NxPtDJhumsTkZTGxhIfoQTSN7Uaf6Q5CpFiOQu3CZVtm36R5vP4PgvOyhme6W6XbvNs5DttPYxzIsye81Za/BEnB8ucoK/kAoFg84Qo6R0HDcHHT0HwiH447adYAzOBIIYrJU6xNxW4pMpICoiSGZ2ur/Mh5pQVDMzXy0EGU0p140kKr6ArdEV6PbDTYpfBAHam4bVOCoe8MgQzNRR2A4lGwNIH7aN3B3YCQeire2hkb6T4VjjgHw9sBqqH+/SkwS4jJ+KUmjXeFKGSfuSERLGaXiBkXUWYOUsYOFo2gZQXcOko7ErXe5porR6V/THISh9suCglTs3SehwTAlH1n1dRqZ1TbG18klmba2aJuJn5uI+oweTzIR9U1PRPcnGCXa+SFPKUbKiURHlt7qL1erdzfUyzCFQN9sR8sIRscBDigl/+zGhqtlT2ZIwWnIkJyICCj17b29ZiR4jBBYpYa1sAqPQsl6BJ7iNVB8GlmSZjwq1H5HxrA2RLBkKfonbomjaTFfAfVRS9PhB8UdRuCvicIZ3UTKAg313Pnpp7UNie41sxbFdlNA24HS0mFR/URgvA2jGRzzsiSjBb9gNEaTjTIyBsrkMRIGzGg00VreS6FdLOBOWIrYKEU3QhyZVotbiTBSC1CRn9l8p8+Mjp/ZPLELp+HsT2tn64r/qbcqJI/8QYiYcuVuVEZwcAXNGWmjysnztIdTMRTu9HAsb/PQWpqhSHiS8gLL0ziogVHIZIpUB0q0ERET+Y6oNCJFDsWeH+yH+Yujm5uj4ydGN+tRo0lJxdRH7703VfzPDTHdxxieIl9tphPXWKtUBup4pK3NlIy0MVqTMar2atuitqTW1EYSlCl43Igm4Nu0WiM8kW3HcTlPGLXqVI9OeMJ2I7KWxNGOJ37pxGgxgDkzemK8qx25k7vjPTRaXoMDljy5pOI1iAvsbsSEghLqBBX11qm3Dh0/dOjU8buHIqeOHzp16JT6EIzjb73VFkG/Sf0aHRw6RFIqLVquK+5KR5RZlm4twoGlsaTNd7sYgs7JwpPjJxor8sVQ45p6772O96ay/imBnWjjaS3acvtqX6hGY+Rk9KGkiAZOdqjtreOn3nrrlAleH59+65A2ClAQvuOHqLeOHz916LhcK0sRQ/lu16fUlkGZVEbjXpnnw8Iz9sbTOflV9SftyNElKThTHe+5yl5LGFWXvTSF2ku9UhayQZ6mTVwbozZpeVNyjjep544fP26zmbQQ7Od4p1OtNcEvkyZb1GQzmbQ4wzLgVKmt/Kk9jeLmfYiHWopkLxefODlaPzra2NgwPi6GQYADUCqt75V2vGbLJyYUWqMXUdo9cEjgphiFa6ll9XFBagP2a4qYwFxMc6Y2jG9LmkymNo5Xm0x+kzRCGU8lKYynqNSu3fROvdQOWIIjNaSz73TVyZPd9ePj9vEz9ePF+hzEP13vvZf9dVOHqyMtl10vV4ObGwgyvYnXgOpbkmLk0uOnkB4OmSKR44dE2zkEigHFtYHG2tDL44eORw4dP246hWxLajSm+vnIpen+C3KlnJRzgo2aeFrVfbKwsN09Co7eOF74/ptn6zPaXVNTf/5r6S6cdNQ5Me2kFaQWhfO0dMTZBwyXmd6Cs7916FQSbBeZyltvRQbh8ZDxVBDZM7LkQ23wu+PJtrfAqG1qyMIkLXLlVCMImRihSXb5lxxdfk7++PjJzeLx8eKq4vc/+OD9rq6PXFMFf83b+Khn12wgJLpv8hT8FRPqP2HY7RKCEbhBI6MiUcaQ9FPKaNsh/1jU2BZlopAoLNqoyuRtm/C0cV7KRsFbHB1pO9Sm4HgbR1MEWFBqt7oCNTTVULTnwubJQgTm9En36MnxM5Mt77/9NtRVZ/XWjq4ya/1LFweLOjnIU1KNlvTKd1sr4MhB5OAnbbzA2FROi+D0a2w8FOoWxqThGYPfwwo2oVUgLa2o7a7Aec1zNKWh28w4jmFmi5GSi019vLRHqjTizgvW+QP28dHNYvfoieKq8Z4u1wcA59kHj6eOlE3lv7QbXQOY901GI0NVGdoSTqSlgxyDN9KaWUiRCd/AamR21rJq2T+7z+CL74vum42szrYlZ/f7w7Pwm2gsnNwX7KQpxhROWAzEbDgiozAN9MUTAAARzUlEQVRxCz/FGZQyfqllZv7o4uiJM+MnTvTk1VcXSzoQnLfffHOqrGyqON3kFSXPGiA6qU314m557BUcklayrf0jAyNhx3p4YCS05KgNfLmkCPavzwbgvZuhwJfxcGB9KfTliONmX38g4HWys0cdsTZf/3ogCjkMCJjHaNTIbH2nswDOOGCx54yPb+bUFJeBrj54O+/g2yIcie5lL3NggbQJR7NEYjzHX7awk5OcguIcDgec2j8d6BsJ97cGAgks6AiH15cGHP3xzpGBwBKQnuHBQDgIH4z6a2f7Z6GUDx13+HDEvbxGyCbO4NOSrK7+A+NIOtV2+3jOzPuA5c033yzpzUTKegkHpFRzIiI3KsTEh6LFnsYTMrUM4wamB+Kz4f6BTijzHAOB/nBtcMAfRMVgPBzvh6odJBeIDThWB/oc8XDrvjgw1pjDsWog1agTitFI2yaeF7bnu+bnoX7oKivWFXZtvP8B0tObb2ZNpqXzMlvpJi+zKjLVPAB1mFHudtRDrXQwmo/yUDBYjIw36qf9XgsT9Xj8LGfx0wyE4CjPtnlZi8WERelWVWtiVWBowmCxWaKYjMMwhcxGK4TkubzCM40VXTPulq58XU5d+dsfNG2+KY7Jg293lNZ11O9KBwr3YxNqrVzs7yUnX9kOqmNlNEd4QGO4F6gLLQYiEkIIiXMKtH9SYSAwtZZQeOHEHK2kvbgXQ514OBmDWChGoV33FJt8WpKfX1Xiss+XFUty6pB/v33kzZfjSF3TF3+bRB4lQU4+OSgQFJVqLyZumU83S0oHeDEBkqm+cmgyIsXP5WJnh1Q/JVm6nYq4uZ1INd3CoLynSJmRMnsTDwvz83U17XUb5ySFG2AzH7xZ8PbG22kw7795pLKuarJGbMSPUupttGEHkSRxT/jLLiFiV7/0zn5EftF8/m6znXTDm3R3NKk4p0XIifRe9xQFxEw2lmrTOPsWelE/mzzX+x+8aUVg3m8qK2t6KZ3336yWoCl3sbM0GPIJcHIjR75s3peGY0CtrFITWKnpNGlqbuRV5710j5N0R6tUC0KxYQSa/oO3WZygZHNbCyWo/dmRSvdBsN/33y+v6KnP/aTA9fZLZVWDczekWunrwMkFDnXMFGcUUYu6XdtB50EnILVyjVJOo1k+BShIRsq0BI56nWiRG6JOrFogamLDPVTIpLppwAc5kuOczkF9b9WZen2Oe7K3qqrDVV9Y/skXn/720wL926JkXsERy74a97E2QePx0Kgv025fn5eOLlYCFARD1KwKWQmAAQwKUqqVi00v0J5t9KZ6t7YT5Sj2kaPwNlJuurBZPdlSnVnT3ts7OVndmPfpp7/97W//9NWnBWfffvP9sq7qN99OwRFTVU1GzclBQUvxKoJG5ppqKfCyOxEmV0MFAFSd1lJaElNqtIzXxGEcZgJAGAPcEbXCwIyk2BcQS7fhwkiFQgZZnaCdyQ8zq0qt9VWTqDV3VlZpz6df/TYFJwek8/6RP5eWut58s0tkODpkzFU3WdxkojUcmJ9YCqF2PmnPAoME8m7kbDzHkQyr5ihwZLQj2YZWvDmdNAPQCJPaKEMJZrf3H3i4wsBhkDe5vqdZ+VVdVVW9vb0lBw9mlZRmf/qnFJzfAYy3N3731R/+nNe1US3OxIGj62qOBZ1eGYZpdzsfoTSu2NPJU0OYTMejySiuiiZNc1TEEzF5bLRNsBnnPCa1n46A1fEYA5EmPbeEvkVRnAcSw6BoxNWgJdTDPCsrvzRvF8579o633+74+1eTf/hDdk9XNeRz9P+nqCkZtPFoml6kb2JfSumezlYoG2ulqHo4LtLzU28dn0O88Phbp0S+fhyR+lMR1H5c+6qFHSHTqm0MO/FhTkl7VU5XQVVJ1sEsNJB0fpuGc3Xq7TePfPX39qpP/vSHP5d2VZwRpwYvCwJPv2zcldq1vxt3ZGKzJKkMOGgkCkTQj7ipOnL8LWCip4D/nYLXc+jIyzAeWaqBBUQq1HoM16gHF4onq+qtLe2ToKasxsaSrMb8rjScT7/4Ik//9vuffPWHxsf//d+/+/sfsjOrQTju2xM8yaPJzZRoxKYhspcZHZFdTgm+rGbYyHELkDyb06Jm1M28ykATKkyF84wAVJ7kWRW6vydCIaUUwdBt105PunOqwYhTkmkp7anIm0xL5/dli12lHSdmfvfNn94+fPi/D7//1TdHqiESngiivvOpdpwyTHxCkwy77YCQl1FyitjfGZ7t9MzuW9pniYZ9+6PhaHh2eiA2u7raeWofp4biWKNBchHZgEwrk45tP90cL9C3pMEUl2Qfq6jrrp4E6fz993+urO7Y7EDrzL765qsb/33gvwdG/vbVFxW6jPxrMg7XpLqDiq0x0ZSnfFdZYste0qTQRkcG1gNfhhzhA4Ha2PDlcMQRCQRGHCFHIOAIhb0M6uMGlacSzWt6NBp2efaetbq+K1sEU5Lzfm9xSUFXV2lZT1V2/Z/zeurr6+pcdWXVdfrff/PNN38+9mi2b+B3pZtgOMAAFBo050Cnp19Encl3W2eiiCbTGDpDsdDA+mwoHAhEBgKBQNyxPhAK75uGN0OhhEchdtCjgYQYgWhxcys7U+WZ+rr8DPCmkvqeEtGKsyHyVBWiFdHV8NQB48gRq/X3X33z97//PrQS/11XccbtCZRzaNQaCoxYKbZTRBSH2IUjVcs5RkUzSacnyjRHTMyEk2uNtkFGsfij3uVI1BKNWlRa8WYDy6pBQIJzZfujjoLMysk8a8vkZHY2yKdSdKqsksojHWV1dVb9lEvfdXthQV99xOWq/v2fvvnmq9t/O1ItORFkNQoi1WVSJt46+P9qu/7XJtI0PvmeNmTytZ1Op8nVTCY3HS7NTGdC2pjgFFOI423ZTbSkLEt/OfEMTKD+IFpXt+Lt2SorZUtpQLGrd0XvTqws1e4GCl1EXcX7n+5533eSfnU9Du4V+mUaO58+87zPt/fJ58HPzNdJbBBJWzQSisWzfSFbmB4NhGwp72gwGwmkIbegkSdw/O6YRbkE8XAs/d3c980ql+kf5qRyRmLHAcYw82Sa7PLJhaUpVlBV06z/fmlJF1Thqioo6ruX8Mg2Crdm+jy0w+/CBEUQoLgI9RpituroDnilqIOOhB2jKToQCY52pQNgokdHe7OgK722SCyaitPoRc5oaNSVmrvTrEp4NkG5LEr90zl9bCw3PY21GfAk5cbkvK6b7KWbMl8RdN1+Q6iu3JvafvnQGP/mmJXZ2/AxE3HJJHDY9Vlev8MRD/R6uwMOF90bpN3hWBb2UZSOoDf5096oKxqFbe3r8vivzH3bVPhhxIVZxoB4sT+TMPNjfH97TV+QG0sNXQXpXFpQdZXi6wsfPny4LWjGjxBxunD9zOsMEIPjw9ETchOWk4CI1RfqjmWzX4RjA96YOxqnY2EvHQUzZIvGnHHaYxt1+KJ+W9AZ//Le0ypfKTE8qEt5jGAa67+gDA6LWDbDCE8pv2E+WSoI6sm/LwmGqujVNYDzYVW5PxfN0iik8AcwKTqSkA+f7To7PssH5oSG9DYapsMe9NZfMHHhiM/pAU8eidG+CB0PRiK9fd2zZ+4uqqqkSzw8F0bCbKFjyBZz48rQdKYtnHL/8IXWpmk2Fl49fL6uoq1u1FYBzvL1ufTpbIwUyH3Y2iBHjEmL4ErQKlWGwRXNZrMQluMIIgCZbyBOj3oQR5VrAExyMJDynztzeTk3ZYhlHmSuceVMmeGZMloip0nKCDPWeVjJab7V2hphnoPyvnq+zhbknFhYXH3c/DrbFQkFcZhuI6SJ6DOiUwYRRd0YjicQ9NGxbCDgcHRDBA4rHAFNgfAvgipHEAy6/Ocu31lTDUlkGI6r6aJkWIDK/QgMYBS4BIfEUwKPNZ0T3r5tvV7YBDQ/KQ+3bzSu5fj8LeHRmTT4lZCLUL7hqhmulbcJMW0Wo57T7bFBnImJuyOIwBs+2ILBVHcolErNxs/eWVs2DS2hyUOoxY8XEhLHG7LG92cATEIWGU5kOZ7LIL1Jlnj99dZWa3Pxxfw6eIcq28jdqNZLFXHhL+muYNwZjaBgibAU+VBfAD4zRNE51p2vPw8F0ul0XyjUHepO9fXCcvT29QVnYZ078+2va4+rhsRj2kCNFzlRTOgSGQRgyBkeJIP6bwYVDKeUSSYgw9p6t9XaeLa28mD9p+eCaTRu53RFqJ+9gkK6GD0wYJGW4iqMm5wt4xMEBOfa1dWVu5dnjk9MnD9x+sTp8+dPTUycmjj+2V9/fdQwC0pBLrO8JoucIUsax4i8huFoGkjI5AyQDI/6b5TJGpcByaio28ye7996/Wxt7V9Pnr/UFxcLifmaUZ1J0fEYhN/uLnzG4sP8TTargud12wijHjrcQuSjyWTpKqyLN+DDtVKyUlRMXUbdR4myIo2xrMxMgh5zMs9wrKZZoxIyqBUIPb9EleeTmVqhRFnJwgi3uLb248r65uofXiy+3UrMf5ma7QUd9QY9uKRo0ew6MYUyYSnFHh2VW6iiVeGASJZ8Sd2ihvPDrMDrWiJRSDCGpLOaKCVAPFxNbU8mkFFTGweCk8psspJTB60DKlzA0VfW1h78svxo+ecGsyXOzHanvYDDHUW8zp0cDhmcNt0z2ej7lr1IDRbUJDVVZ/KTS9TwVBXgSBpTkHhJMBO4xQ9UmSeANPytLDGiKExODe/7RVR+fnVl5d+wHjU2xJk05Km0r8uFEybr8J+kam6f9Q2Jd3aLmFhUQ08XFp5ubDxtwj+e6pkqIDEwqFWUZwEGhsPLKseB0DSQVQHAIN0Zsh8o7lMVobHy4sE/n8wvqTN9vZAdBlJOH2Yh9+9ls7UaAbxWYrNbbkGrWL/dXG5sb9y8/8P1zW2ZGpJZ2FNjqJE2wUqcBWdMYE1OlE2AWRbxA1P2jOgj9RJQAvONrjdyyrOJUNwGZj0Nrs867SKMel7Ebu90W01se6XTnvJXrDcff3VJUa/93LzObm+jxsJxVecNHp4NgcMBHMbQUNMoJyLJcATO/qN7+KY8UtieHF+q3p/riwSy4JwcSHER55e7wz2I7Y8VK3uPGHYGcFa/erRhNP/2wy+52nsT3yQpw715aVc6TEGWZV1PlHnuo3CSZmvzfWuzfm8uFTmdjQx4opEgZgnD/TTtnhKLJRRRYBK7s38NP20u9iy9udloNt+sb28n0FEq2nuTir4LRwI4hqyaGsN9FE6Rymy/b73auHPlWDg2SzsgrwyQdho36cyyuf1tckYsqa79qkzW+MICa6j9V6feb+/sgO7gEWgEqMrC0+EGa4LOEzhqogOHqR5os4DXm6ZYMu5854jT4W4/OlL2WUMhSMEKTYcjbLuEWs2imd+/TtYFs8oyrLLz9nWL9Gx0blNNiExNyVXAAgmaDNLpwBFrB+HYe/40PmK/ePaPX0Qjo6MOtJ3wnf344B/x0eDmEcysh7hd/V6b67B07JQsmCzEk9Wdt+8282jGZdsw9tiH2FohN0JRlSmtpptaWzoiM6nWRg6cAKP+mMrKKfSOm0AU8l9UakCkxF7Si+W2Gh+xMyVjI5zew3B6qBpr6qxSbWE4+My9aFU6QYUm8+Qz3EpW2AI2gyKvyPlDY0TtVLF0Nxj3hnoDrmja5bJGd+DzBn8nOSf9AX5c6HM5XUdIR6qa1eR4DcFpVUh5qF2WLpKWiR7S55KXkXREXs+NUAcVx0715C/OBLyRuCvq88SQ1+wYXzdpB7UuICZ2G05svbbDMx9ho7OQAoAF2/nzP3YKlH3PFFXS3FskXRMgo2RdLkssSKZnr4JRpK0iuXLcYwtCvg0xlAfxErYp8tuBjjXJoz1tAwXzR+ysYr0OKRtFFerKYFXe+1fvto3ZraatylShVsGj7Q6cRfeMXPz+RAjxYjkGvCGvw+Ht0MgMDAzYHC6HxzEw4EJjO+EHriC+7PAcIR1q3NCFAkXJbwxVrR1Ce2Alj7jWc7KYv/rNxyaU/tY6c2h86YFJrp+c6HrQ2JD/1HP44n+3jh6Je3Bs7W+AOfoX7Jtou3th3/W9r8NfFTsW9zBG+0fv9am/xm63HyG1T0/Otdv/Z6H+39Z/AA1m7Wfh9vBmAAAAAElFTkSuQmCC&quot; width=&quot;114&quot; alt=&quot;Imagen de The Devops Handbook: How To Create World class Agility Reliability &amp;amp;&quot; data-atf=&quot;1&quot; data-frt=&quot;0&quot;&gt;&#10;  (Session info: chrome=99.0.4844.74)&#10;Build info: version: &apos;3.141.59&apos;, revision: &apos;e82be7d358&apos;, time: &apos;2018-11-14T08:17:03&apos;&#10;System info: host: &apos;LAPTOP-THVCDBB4&apos;, ip: &apos;192.168.0.6&apos;, os.name: &apos;Windows 11&apos;, os.arch: &apos;amd64&apos;, os.version: &apos;10.0&apos;, java.version: &apos;11.0.14&apos;&#10;Driver info: org.openqa.selenium.chrome.ChromeDriver&#10;Capabilities {acceptInsecureCerts: false, browserName: chrome, browserVersion: 99.0.4844.74, chrome: {chromedriverVersion: 99.0.4844.51 (d537ec02474b5..., userDataDir: C:\Users\patos\AppData\Loca...}, goog:chromeOptions: {debuggerAddress: localhost:64551}, javascriptEnabled: true, networkConnectionEnabled: false, pageLoadStrategy: normal, platform: WINDOWS, platformName: WINDOWS, proxy: Proxy(), setWindowRect: true, strictFileInteractability: false, timeouts: {implicit: 0, pageLoad: 300000, script: 30000}, unhandledPromptBehavior: dismiss and notify, webauthn:extension:credBlob: true, webauthn:extension:largeBlob: true, webauthn:virtualAuthenticators: true}&#10;Session ID: dc62bd5f771fa3745e2fec0bbf75e825" type="org.openqa.selenium.ElementClickInterceptedException"><![CDATA[org.openqa.selenium.ElementClickInterceptedException: 
element click intercepted: Element <a href="https://www.buscalibre.cl/libro-the-devops-handbook-how-to-create-world-class-agility-reliability-security-in-technology-organizations-libro-en-ingles/9781950508402/p/53961264" data-agdh="arwt" id="vplap0" class="plantl pla-unit-single-clickable-target clickable-card" rel="noopener noreferrer" target="_blank" data-agch="ausb" data-sbv2="true" data-merchant-id="117090192" data-offer-id="53961264" jsaction="focus:trigger.AYoRA;blur:trigger.WFW3if" aria-label="The Devops Handbook: How To Create World class Agility Reliability &amp; por CLP&nbsp;46,980 de Buscalibre Chile" data-nt-icon-id="planti0" data-title-id="vplaurlt0"></a> is not clickable at point (258, 404). Other element would receive the click: <img style="border:none;margin:0;vertical-align:middle;border-radius:0px" height="175" id="platop0" src="data:image/png;base64,iVBORw0KGgoAAAANSUhEUgAAAI4AAADaCAMAAABHPIrbAAACalBMVEVHcEz7sQB5v4n9swD/tQD+tAD/swD+sgD8sQD+sQD+swD9sgD9swL+twD8sAD6tQD5swD8tAD+rgD6sQD+swC94C/7twARBSn8twAHBAklBzkSBSX9sAD8rQD8swD7sAAdEwj4rgAHBCMNBh0XGBQHBAv8uQDr7w8RBicWEQ4HBCT8swDovgD8uwAWExAsCUQKBhUHBQk6UlEJBgwHAx/3tQClkgAUDQn7rQAbBzUpLkHrqgAKBQ4zn5n5sADvqgAGBA0UEAnmtQDd6xccGBXmqgDouwDttQAiBTvrpQAGBRzzrAD7twDoqgAUDwrmqgDyrgD3qQAdIh8FBQnxtADqrAAOCgjs4QgQDAo2DE/0sgDdpADLCwHpxAHvvADboQDz4QTqywLehQDgqgCBfQT6vQCPigvusQBqAz4xGlwGBgfppwDLCwcGCBo4JAXxtwCOgwL9vAB/dQWzoQDidwDkkwBiTAO9lgXWnQD8wAD7xABgTg3wsQBwaQVTMgHXoAAnFAZGOgbwmgBZSAPMmQC3hwCoeQBWUw0rFARINQNCJQS6iQCHXwH9xQC6iAGkdwBAMASQBE3DjwBYOAOzDAWkewCVagCCawZBHwPTmwCseABvTwFrRgH9yADAEwl0WgGfPQEAcZpgOwWtFQbGQBcFMirBjAB1VAFPCyOyGz+1JgyedgAjDAPwAw10UgEFLUwAV3ngJgeQZgD62wABN1fBigEAjcEIc68ArutiDwgIU3T+7gC4DAQEYoLZKQTiBQkAqdBhEA7jcAIAlMrLDgQQQFsDHDAhSWeXZAArcIEAjbWXDQVwxgC9AFvkGsFcAAAAznRSTlMA6wLs5ujn6unp7ua25OPp7fHl5uMF7l/11UZ27eDd+GHzj4Azy+oSalSJxV/wSTud3xK6luVXkulWHNSvB/7vwWp9C0Deb5pP5afn+7l2qvndJOzNxqYehjPX1b1MiMYpOuCQKdkd4oIp+82ztrOsUuBmRdHlgi+55c5Pvz/ko8hZ1GzS1dww35/SvNruq8qKbMjQxI7fd+/j9tnp+Y7E1vm8oz/w45WiWnOj9Oiupu3Oxd7Ja9098vrA8dqf5e114rW/9YrXcbNmqfC94Sgrf6cAACAASURBVHic1L35WxvX2TeuYbSMNNYsGmkYgRYESAIsARLICAQIBJIshBCL2ETYzBbABmNiNmMWG/C+xLtrO3lqO3biJE7i7E2aNG3apu31/E/f+4yEjdu07/te1/P88D3B0khIzGfu9XOfOeeORPL/05GRkX6WZLz2ZoY4xOOMV+9J9n7qX//Wr76p+4/f+Rc4MHQZ4sl0rxCk3q3R6TJ0uho4hMea1KfQH8/IeHkVux/V7X7x5Xu7R7qG/ws4Ga89/e+O/3wSuNaMjJqa1AVVZ5ZbTx9F49jRYzP1PV31hcWbV89/2R/44zt//OyNzw4ffvzHz9D44x+/v7G0sv/Xxr79iQR6/Dcj/H9AI9HpGnRIA4DbZb06fOCYOI6evFrdUliYU1+/eXrm+c7hnz/748+f/fzjz58d+uHjz374/vvPfviv6TFeoAjOQ6gYhUyByxQGTCGT4SqWxUgljuMMwyhw8VnGMBh6iWPsvv8sO2QPbncNgMrIt547euy2CObAgXP6nsKc9NhcmPn2s89+/uMPIJW33vr44x9/gOcfP/7HWmLZgAsaTi0l5UqCkKqlckLGaU0mI0co5YRUShsUBEarpTIFplDI5YDV8J/hIFN3l0115AMq/cmjgOQ0gJm/WpdXvAumHv7b3ARAP3z24w8//Pjjxx9//DM8f/+Pb09WXLAJGplaJpMShEwql8ulcq+W4ki1lDFgMgyTYhgmk8HvCAwjAJGCwF+Dk/KBvZYL71iPnZuagiPXsQP9oKXbR8+5eopfimZXQge+/RiNHz/+ESH6/tt7x6zVvQc/nKN5TA6SAVEQMEitlsEZjFCraQYUSHtoGmBgBCllaDjk8H+RzmumDRbcaHWVTU3lSCT6hXML8wcWjs4gm3lt1OcUnj4GcH747LMffnzrrR9//vbdm6cr2yvLmrKO+ZpxDamVkoSUxORSghWWbTa1Wi1FD2jMqUnp8px4AMO2LyWD3SCS/icGFgRHJ3G5DsyAeKoAzm0AdGB4pqdwE2noNUAtJ74FNN9/8Mcffv74p3s3CzNLsnp7J7P0R07HlmktYeAIuWg7ZNuht/7T+CMCoNOlI5QORa72RuTf4N2iQ2VuPP1yYao+A+Ac67m6cO7YudLSnpzC18HUtxz99sfPfvgZHGztp5nu4qyskt6Skt5J98G66ssmhqcpQkuCzmT8qRuHD7/xBvzAuCE+pl+knt95ZSY1okjay7uulrU3NACcmgbkWBXnnvZ0WNuRdHJOnFs4be0prejq2VUY8nUYOVfv/OPnz+JL97smJ3OthTWTJYAG/Vd10PXhnMDbwIfkJKZVTwOKRzcOP3p0443DNw7feHT4MDwdPvwIPcB4Jx3qRB016CQtXUeHuudnzrRL0gE9xzpeXGQ9f7YGpFNfcWLz6kYFGl1IQvWiZMB08vRNowvn//FtV29Vb4m7pKms0d0L4gFI7W595tOEjAB/xkTpvHHj8ePHNxoev/NsdPzR48eLN0afvfPsg/HFRyAdEQ4KKjpRRBmShpkDQ93Hnl794tNqAASpR1I4VerS69//yW1dON2zebriZFlFjwiotKKxMQWmx1VRklWZtVkBYBCI3sneJv1B92QWHGT1urKynvpYgiG1alIJcN744PGjG+5nj0Zv3Hi0+I9nzx6Pv/nsg0eHF28gbb2TVpPEjQ56Nq8+v7qwMFPx6TfffJpbJakBU66zdnRYf/rWDdLZXKjYPOZKoempKO2pb2nJyenRl2eVHKwszMrNdqd0VNILuKqtk+7erMqMdhf8dmFaplVwpFaOnXrj8DsP7Yfdj24s3njnncXvP3j2+FHDs9OP3nkMcA4jOIBGUjUzU9aeVzZ/eubc8w9vd+RXVXz61afvfVIl6dKXWes6rOe/dW8sHFu4eqL+ahcgSSMCbVVYS0uyDlbCf1k9pQUHJ3tFiwFI7klrSVZW1sFeF7yZ+95lqYGQYbQTlPVs8fGNxcfvPBpfvPGs+/GNxzeePUNvgeW8ISorw90zc9vx5fvnhoaHDpx7+svNBbje/K7sT977S1NXh6vM6qr76Xz+2YXbx05cvXpCn8KSi+DkdOUiyVSin6yeisr6+oOTk6LN9PYeLGtEeCb1Jdl/+d0fspfGGI7SIM9648b3h78Hr7px443vb6Dn7w/feAPJJi0dSf1zh+PLm8/PjR899xTE8/R2dfnBysmy3qzqv3zxnt5VXdcx46rfgLizcOzoaX1LS6kIqCIvp15fUiKKBvBk9ZQXZmZmFlT29maBzVRVlmWVZDX2TrqyMv/wdUlW05Nlm8kI0nkDDPjws6PPvn/2zuMTzz44/OgxHD569Ex0exFOzrmHT2fef3794fMXL95998WLh+c7rE0tPR1FB4u/+ObTmaNWV8u4xAXKun0bonJFcUtLBULUU1ivL887mAJUmVVUgeBkFmQXTmZmZbkBDthy9l+mGidLDmYebDo36DRRNoDzDpjy4qPH74w+emcRDhYPP37n8eLTD95IS0dy5uGL7SfTwZVE0qM2mUxzc56xRKIvsbq9ffnmX7766lN9vdtu10GSOHrz+e3bZRXt7hYAVFEOynKVN5WKgEBZeSk4hZnZBw82gtUcaazKfu93X+uzsjIzKyubjp3bnuOkCM74B2+AHT97DIL5HuD8DN71bPwZcnQRTszpVJFqGa5kBZYkgYLQWo3WZmCdyyp+Lrl05eaXJ040VkGycF199l/HyvKQR0EgRqasL8grbSoHAwI8eeWZ6YFspiTrSInrd3/oBc8CNJlZuccWXINqAcFZfHZj8YPuG6OH33n8/egbj49B/Lnx+JV09gkytZHENAoVTZooSquhtVobayAg83oUjNMmOCcGL9+8c7qsutR6db5MRCMCAukUFeVlNzWVFx0sKSlPSScFp2Sy4Ejj11/nHzzY0QhwSiaLjl0tO9f54BSKde8cfvTO4Tcg8D2ChxvP4BHC9BvpqCzZx5EYz9AcTVIAxkNpadJLQsKXKzlGA/hontWwbGLw4rszFXXWup68lvRAcHJzc7Ozq0ubDmaW5RYiVYH1gGMV6CuPgJlnZh7sQAmsIDPv2MLTcx/FfG+kcxZya3GI2erw4ZdJQrJPyZGARasFJoQbaKkMGImXU6uBvBEgKCOHKb1emc05tzJ45d2KKXD0NCBQFoJTnpud15Rb1FVRmZZOb+Zffj+ZVVaCbOagq3gy85Mv/lo/s7Cx6T49eOi//tN4hODgUoIEMgIkAP1gwNuAngBZgrfVJIZ4kxwdA2UyrSzdqy4tLyq9Wp8tSqdJhFOem1dysHQXTkHvka+/7j14pKS+sqASHL0374tPCsAf3TW6/IXB3/yncQXBYYEvEhgJxiJFoOBJTRJyxOLUgBPQAN2FtzkTRbLCpeTOw7JyYBkIjrWgHOSCIOVldpVXpjyrAOIg2O+RkoLM3pJJfdZkdlFuaUVeg7u9sTjzadLp8RhNE6YxIM1GowkNo0l8pkyeWVE66PqBG4F6CPSDeJKcRC+BwYnAQDokaeJYjKJUTtvctYd1pbkoKuuLigpyqxGc7Myu3MqXpowej5RkTcIDwCmqy3HreuqrcgoLC+s/9Ni0WjmUFCoeV8hsqJiwSaUyHF4pxEoCwUGCkSKBkFKkJwAgTR1IkcBSBzhOKHEbKVWqBPXgu2VdeSIca15m+RGw50qkrFQgLCmoBKspKyn55Isvqqxd1YU17nF3S0UVoCkurL9swrQyUkko4TrlMmQKMrUUmDJcs0yEoyKRQJBUkNnIRekgrcERiUgcVCZyOSnXUEaKxAnKBNUAM9d3sbo+R5970Oo6kpdZWp2dp+/ZtR3QUmZvVl1J7ydf/Lmo2l1V465qbMzrcYtwinsu2DAKHAd+KA75spaDZA+DIokUHCQZktiVBWABNFBswEskL7koOYKgabWW0qhYWkoyHg0/t/W8Qp9bWZ3dpAcwmaUtu6acU5JZ0lsJntVbkNtV6XaPn2nMLy5saUFwNnMaC/MGBY5Dp6dST5yG04hwvMqUsmQgBxCB6E4gBtGo4TCtLCkyboSXwWh4UyqTyUiSMtJO9eDZ6sojuUV5R6zlxbkV1ZmVaWWVVH7ySYm+t8VV6G6oaW/Mh1HVk4eUVZhTXFi54GNo0mDgSDTQxaeetfK0dOD8pFyNTktgSEAgGQREdHH0YfFZjV6m5IRhcjVFEYJz5UpFGThWkasou7SwsKs8s1g05covvvikt6yrvsbtHs0X0eS3p+AU5zTmn677cE4BwuZ2dSFNnyptOzhcOilHyiHEgAOv0EnhWPwc2I0U2RzyfPinhJeAnNca4Xe2xHUIPeX63PrS+sLGQmt1ZnFlQW/lJ3/OdVXVNIy35xcX56fgpG0nP8dVMXzigkrhoY0kCnfohOJVw4EhJR1Z+tpFibz0ql23kqe8DRMjQPqrBEdzJhOhYIWxa2XlufrcgtJ6kEN7YXVpZuFkSXlpYcb4+Jn84pzCXTjg6IWF+fVd9ZK/fH3y9KDCCX9TjLXob0KZoYVTMbvKQqKQkUgEMmRCGCFDgViJXEwMhGAzMjEMyZDPQcmNxMkyPGVULU8/rNYXAZySRiSKzLKyHGuOWwx6KNA07kqnwl2co88bd1f95e8nRm9PsBpGmrJWUgZXDWciScVL2wGbIZVk2ttFt1KL8YcUo1EKD4byh1qOLEuq1VAemQE3mjxM89yVjnIRDuBBgHryqxAYUE3xSzhV9dX5XS26qvyS9o3FA+P5H3pVdMo8MVnadkhpCg5OvrJbmXhmtSiDtI3JSTWZAiQaNcgRcgqjoj2clGZVKnzOuDw4U1Raj8AgRODWoLVUkNmF017V01PhdiO7bt/oPzDqLhx0UgqSxGiUuVN2IcdSyjIgWxGtA7xYhKmWptxILj5DzYakKUuBRBlNKvdipBasSokhlFoh+byuoASQIDxZjcUt7SkwaTjtVcWlLRJJe3t+O4IzDHDyn/poTAOxDODI02aK4S9tR07SgAUT0yWaHQJ3ErMVckMlsmKalkFYl9EpCYnxWxSUeB00v3KxqBLcCMpzEdJeOO1VOWXWFklLXV19Yz2CM39g0X0m80OGBdPTaMRziR5EYik4KRGo06qgIaHId4OBGAYJJehPLVOCHavVtDwlXHlKjVJ4raCo5uULFQcbka6y4KExDQd+8mvqq1vckiZ90cGDuXWlxW4RzvjJ4sZBATK6EqOIVAAGe3yZJMh0vhS1pEbKE88mT59ahAaZTvyUGIeQl6UwAWIt2aYRbFsblflZyH7g30s4+fXWlhpJTll2Fip+srLrsmusw/OL7tHNyY0gpqRwm0masksIbWlHl0nT8Q1UoVTKORLN2ImSEnM8ehskJKXVAEWJ9CcXWUcq0clINc1BbpWN9V0vL85vzEJ4RDgo6HWBZIqPlB/MqhTHwaymwuoTFd3jjXlHCj50MsB8Obhq9EfI3biDi/YLCMBUkHYwgkuLBCPVu1YiRQCVSI4yFJ7JVPwBg1ODKj0euZYhhJWnR0pLel/CQZJxZ7TXlWcdLMiE0jATyae80NVVXNbTBayjcJCXU6wqRWoQtTK8sh2ZlmaAJFOUDDdSCjFpiqYMgLBXqQu5lVwkHal8m47xQBfkPKdkJw7U6yvaxfBcmJ9f3QPBsKYCkkZlZWYB1IIHKwvyyuqKJW5dfVmx2z15ewK0paSlqWRAaNM5S9ScAacpSmqkaNxI2qRKUUuEmFZTOQJLsSJMLpoMmX6bTKcWcHgZJeWTax36jtLGzKr84rqpFsig4zUV1XmVWUgykOvzuqoBTHv7pFtSX1bvnrzA8h4T8mepSM8Nr/gOgWmgsMFlDM1QMhuaOyPETJpKqRCw0tk8ldXF+dCUpRO7CVmqZnB25b6+TO+qcJe5usqq8wtPnszPbSoCJl2QWVBQcaQup8rtrmqvqmpvd+tayjI3fQKllXlBN2IEZva95MoykpIBHJ410hTGIAApRyfJVDqVi8oSJSRejShgeTqjpQwMYzhK+/mavqzONVVdbXU1TWYdO1lV0VRUVFSdl5lbWt0ocVehoNgOgKqq3JNd1mtORKFEHoHSUFpZ8ILTUiyusDC40cZRQIvFZIUhOHtOSIg+Toi1hpiOpdqUr4uRw0sZjSS//46+rKnaarXquwDOfApObnVBeQWoCVC0o8BYVVVSuPDh0sSYSYHJU2UVpOV0GERpm2To6c7pxLSP9Zq0ChkoB0vHlbSViEmDeMlD0i9JMW6n3tV6CAVO2/afLbPqrXUITvGxk5MIDhQ/BUXVSCgioJKswoXLgxNOQiDajGT6b4KVGnbhwLD4HI5QaGCg1iBYGB45kpzcZT3SXQkhyYhVkIiDlMkwxDxAhJDCoC5gMC/JLQ9+pK+rcwGc/OK0soDAZubCy0ZI9UDJbl++luR5mtF4CbBXIKViEANveWU7JG2aWA9znf2OaZ8jHOVSAXo3ImNpRiZN25CUpFAmxmgbjWMaYN40ySlo0CEcYQ+udbg6puoATiNIpwfByc3LzOtqb8yCcHT6cl/SKMMJDk7BiVcnVYvnkO7yHVFcPGcJz9auDiyFHSOhaR7cRiomBOQ/qLJJVX+pxCGXaykZT2igGiBlDK6ASA6hR6MUeQLnXbk2Za2w6uva848t1jQ1ifMKeUBcK1ueXogwvJMhkclBBSBHsVX8m+g0aTgsOoPSoDEEBszxwHooNBKPItwpuyV2g15KJ+IdD/R1HNeaKChLPFApqXAP48TTJF9LKlZeuJB0uormN7vqmkqLspvqKjZv33sxSAs2rZHjlGKYVYrUSszcYuLBdqUDl45BpREPW1bD62FfeDaKc5hIiuUiT5Sncich5g0p8jr098CPgH6pFQoFiYgL4UxFJ1KKYSt3uqyuUgnE6PGWI3lHOmZufnhteo5nDTItlERYKsTKCBpdpzxFw1+lUEKjVGpMWkut2VBba65tNpsVNKRpDAFIMTGCSJkQsAAZChQgW8oY5QSZ1tLaajYbIGxSXhwXg5Wc9GjnYh8h28m3j49DFTZzcylpE1ggDDJcQXs8WnQ5IGk0P6IUczKBamTtrnSU6E06mQxO+3zTSb+lFadoMTaJfz1FoVGaQ9ERLkOUAWUkVLg/GA6FAvFIq0xNQ82MTECKcSY5dulKh76rPevoycyO+0v7bU4tLxCQC2WUyAHkKYYiXiNya3Ee51UKBTiMZdCuszc0ZGQ02BcHpi0AQgb8U0PiNEiITLkyqQEdQr2I5ENIbZZphw7dP6jpDgVbaZuUhriDUVLgaW3E2MWppvyChee/2bdiYwnKw6lpZPOUFk3eQAIUmcMu60NxVYp508pSoGGODdkluu7uoaEGScZQ3K8hbWiikMR5OAXU9ZBFFCTwGsACPzSh4v0jdklG9/AwfEEyFLOQXoqiWdxkNCrhG7axnTsfXo7yl2gKLgpdAgq7qCKSpaeyaNFZUfFJpEdaOjigwVRtgwFdw3pf52AsZJfYR/wkT1I0OALi+zTnAVtVQYBRG2kNxlNqE+Uf6c6wB5b8ft96f0bG0KBFaGsz0U5cA94vpT10MmHjbbTGYKCMwPiUr8J6mgKIuRcT3UoEI1MqXkkHZ5S16xn2zlovJfhjQxJ7vNaEG8EpaRJMnWNsnBxXaBQeD00btbQGpw2x7oyhWC2uUJlrIyMNGcMRFieNJprQ8hhFEpxGwI3wZRmPa4wUIm1pegAVnFycVCPFKC9HFSYhMhWF4RUczEnWhiX21WZGG5VaprslQxFeqqZIAfwMF1Sk0WhwSvlmiuRonBcsKtbfD5BbAS9J25pbQw2SsIFjm80WUo2bLRal0WTycJzQLAisBd2hJlOhV/4yw70sDdI8Rf4aHJxXWcIN9riFNWgounVElzFQS9G0JdIZDsQmLKSRmJiY7psgvFI66fMF/YZOu8RRq1KSWo/HRBoiQ5JhC5EMRnxMqy8eXvU3c8CfOG8kNhKIT7SyaoqQ02Q6BMvFSJEmCKkyAnkTqXwFR67AzWGdPWYm5DjhEfzdkuGICo/Eh9GtyaERr8oPBtLQP0FzfnhLN1AbkOg6Bd7GMwTJmajWkEQ37e/X6exfOsCyM4bCEUGjEGLD6AZr90jUwqFco0UeKd8VSDo3p5gVhD5ij3QIGhPhNBMaiLJUa3+Gfbq5dqRBN+xwgCWN1PoduoYGR4Q0WvolEvtsq0PS7edMHooiDCypaY5LMsL+/gY4ecNw/zC4XMCCq4NDGUOO0LDO3r/P4OVwHNOKCU8mZh8xFxLo1r6CgP8UCuUeOPCGZR3BATsE5m4ekOhitdN2XSBSWxuEU0fMfQ7JfB8r85rXdd3rE5HhjGGGUspQ1tBSSvO0PSPUOr0EQg37W/2xYUnDrGCJS7qDlmZ/SCIJ1GqlDAMBVJ32rt1oLycU6YHLXoNDiHDMUDmDYVsGMnTxWodkuJV1Ntd22nVxMxuzd/uaGbx5QOLwW/zDkn4zCrJgklKKMkx3NziazWBCI62Yjavt7IYPwTV1+w0COz0QiDVzNBSr0t1JEmnKvVHhtgtHIVPthaN8BUdOmQMZ9pilOyMQaWuLRvuGJaFW3D+sG2Hn+MiwJG5WwGO/n6XQCgKCISmVKB3WB3DM4G0ebwiQmOMZOoevFRyN8Us5mkDxR5yQFYslTKzNId78n+BgOFHryOj2Re2ShoYGe4POrgMxEeBuw35V82rGkJ+hwM+HgjwnXqSUwM1xiSRsZoMIDk7TUSEsafA1g71J7MMjyVZeRmG8ApKaOFuRDsJKNLms/HXpKGmFBUx5tRXg4F5VBIzA32bXDe8OR6tBG2ywD7LmEEiKMloCDQ0xizhhKCU4lSUkaUhYRDiMVmO0Ncd0uk6LEBkZgqTWPRIxcyY1RCiCQDkKS6tJCe70Cs3r0pGlPQuj4OPmkQxd2Dxht69b/DCiUb9fC9HIASZp6e6eNmgh4zYgBYrzclquOdgNkrPhorIAD9ccztB5DBrcEomHuiW6gJ/RkFBSirM0IrMEboFIn+bfwMEUBnbdjuIOOKQBeUjEDMEnVNssGDReQZgzYbwh1jDsj0n6W5W4jQZtdccsNqgSKS/fGspoGDFzKdthjCZbxCEZshi8TrO52e+D+D1oUTKcVmSAwLApjoFaTq54feyFQ3J4bVxnXzKz5ubW1eEM+xKjBNUPBc1tKl4wW4xGDdscGdYNhiSQGoAwgC9JuuOtDM+zrD+kk/RHWN7sG9KFa3GtqhayXsBPQ0TWeCjzElym4IXqBFeimSwSuTFH7DWbf7Udr7cTzGHE50vGHGDCcYtaY4jZJf2xqL/VNxKKEJTUaRmQfNnd7ZNpeNpIWEa6JXbHUjAajPfXSIZ8Nt6J4DhiFn9rfEgylBR8kPmmLRb/SEO3TzApSKUCbAXZDEFzQB9JBf5v4cjZ1W5A0W3vbkBZYd2iJDHcH4Ag2+/ot0uGOhmK4/BO4GcOC2GiKQhOrfFuiM9Dw906ScZwp4GiPDyYssQOX2gAwflVE4FFyVAgDFnD4bdpcC34IVKWkqR5Apcp/nnshaMyr9rt9m67vcE+5BjxtYILkpQBPAOhs4OMcAJ4emu/JCNmZkH9JuBl/mkwU7S0ZTgQNcO1YyqwncUh9AXHtEXAafN0f4b4KsIagJ2RgAYVMATOsgKjwgmFEuLLr9uOwrB/enq6E0aktZVVEQwQLwVuCcZHAuFpvxnnFJDqmUQ4HiUoFQmhT8bhtqgvPjAQjgUtrCAjWQrgNIz0zYbhCwzOMlqWjcyG0ddZlQJKCCDgSkTLKS87t0VTJPPvpYNTWoFl2ebmZgHHaK9GY6AFAyFj2FqzxWxQQcjACQqjDOZmGU0JhIYlTSaOMrIQc53NrIWHCGcyCZGhjLDZ21rLshooGKDmpQ2smWGUHKWwUUYNplFgIMU2jTM+1ecEWofjxK/DAT7LKnBW4BnaQ3lVAkZqcA0kd0zDKTgSeCCphPqXIAArw6tV5mb+lKfZwLNtJpJjgPQhom8UwHbCtRoPS9BGnKe1zmYD7eW1GhpCGXiTUgX8kGNwo3nset5zNY5BfcYBn/8VOASL+/2trRbQMONshaTsh/QIAVqpIVQKUcTKlCOAx5PcxHRnEhOS09NtRiNYAg4WgWGExRSDSDWYFHCTwqshMW+i0+dTMBwlpVMnJNCUFqFhZOt6V9mFSxzJgEuofh2Of6C/vz8UVRAGXwicY8DiVQEcklSoUmEbLX6EocFwHHy8IdDa6rDbw2Yjy5JaLbrNgUX7GzIgvwGN9EyYjBQedNi7A7UMhQoP0SCMKtpIaVTNvory3LqPEgJJeyAsE78Gx9g6YM/oDmGMgY044GiglkC6hashcBxXsQYDkGsCY1QsITcnAohkzDokI800PUcyqDJQSyOIDYpwgOLbnEx09oAu1CqjDEQKDriREmdVwvK72aXleU0Xl1mSgcv9NdtRaMCrGwJ+nDOqBP8B3ToEWd6gUHKEUYMTaC0kaEOBG4BFGjVCc5/EYVa1xsFSaEbD4zIOamgcTwYhigY9vM2sRHxCY1myO1px0sAwmAouihRwDSHQzq26zNLyotyyQadGoDnlr8HBGLx1xB4wA0eSs8C7Os0caTZbvBYzTqoEi5kxIw+DzEapzObW2qgkZPZaEJxWvwWqTCXNGCAaP8C9zayRY5nWVoNXQQur3SELwZrNZkyBQU5gVVAiMfvvlAOc3NzyOysqpQr/N9JR1o50j4CLmlkB2E5nLSsGlXjUQDCr8dlg52w4HmE1BO/vHAgNrEvgsgHOSCwAJbqFIvBIbMARWI1wUoXT3xkIBWJ+mc0cs4fMrCcej++H0ImInUZgli9PFVWW5ubmFnVccFIs8W9sR2MGZQXRaIv0S4CsrA5BlAbOZwAimtE/ZIdYHzUa/QF7w5BdrGpAWYvd6CM+0G/Abh8CghphbdFQA3yiIRQRmhGc5kG7BJiBwUkYcRVIbLqjsaNCe2IRdQAAIABJREFUX5dbVOSqTvAQR7BfUxaP1wLfGUoNu6SzWeUb6IwE+yWzzXzMoetf98WHdeuW2rh9OB7pCyDbscxKhuNBoPT9FmCKjsFI3wFdwAx5tr8v6nPYB2qbYxkhiyE41L0+bWAFtCiAwCeet4/bWxqKy47kucqfz7FKw6+GQcxgCduHQw40QouSVTPHmWtra5caAhaiNtCwXitAlRqqrR22D5oN5giSDsAZqW1uBg7tiwx399XizZEheyQy1N3H4s3T9qGo0GkPtPr7hwZrzUYFbyQgzAhLm6OLJ+26TVdL3VR20yAr+1XbISikrJFWMDuzBUw5ZmGaI7HAyJfAyFW1AQgwRHMnwAnaUXGB4IjSCTdzRqCOcZ/dYVERhtqQJJZAEmENZgcU/J3dw4H+7k4L0ClKUELprppYODPqbijWl47aJdbcoqtjAmb4FTgKj1A7kjFiEaNMrUO3ajZ3DgN7WIR41wbEOGzGzSD6Wl93v9kgNPvScAZqec4clgxMZzhqZRQJBcjsPkmglcLZ2lBDrBaIF6pwcA9HG5UqjQxjLhfbGwpdXeN2+3j3aWt16cVlDuLIv0qH00DNOQLBhlepzP2gLH+/Peb1L3UHLHJzQDdrISwxkI6/u9uislmCu9KpNSAyD9IBkzdqQay+hM7hp0i2tR+kM213HHfoQn6GZJQKCJZCcLOq0QpgxsdHz4yO2utzzsbg8pX/mtF5Te26faRVxZAgc4euszZiPwCGsdQQqmXBduIW3tzZ4Ght7dfFLc0oDLYqVODorZraYPdQm7e/e7C2uXa6ewgKwu4+s1A7aB/21/bZA7VAqkN+L4XzwI9NT0+Md1Q1jOZsApgzJ0ftDfX3VzCDRon/s7IYw2p/Q3/cYiPk0fCixBED6cSDsX4dvBef1x2YrY2FJIthb6e9e2Q61g+HXDN41kgMHG6kFXh2dzwSG2pYt7TGdUPxYHwIqthVR8Nwgg0OI8Zq8DCEcOGT+eGOoW6AslnYPgpPo7rT2zILcAZcgb1GTjV+R0N3Q3+EMBiCw0AKQ5bYkM7e3d9tDwEweF0bAro4HKyNDzV0d883dA9PmGftw8Af7YEozkJWRVxyxE/zrSMQsBqGRlotkGPtccT44a+xHo5JPj0xv+iaP3B0cXz8zOlNwHNys3ghquJ44BmvS8fAdHYmYgnWiBuJzkRnbIKytMUDnf7O1TYh0bkaS6gS09OJTgNpjsZH4v7O2CpGJWMR33o82qrg2jiLLx4IT7RqWNpcG1wPjPgsAtsG3DKqIc2+WCehNOLC5WMHDowCnANHjy52L57JObEJkBov4xogRwpchu9NEhwDWYmVsQwJtQ0DkYK0WMw862VZphl8v5mC8sZsoXjwYdYL/zBWq7EIXrZZULEsB4zNXOtloMpRcJzBXNsKBkEYBKCXBgXEkGbwNXZ64cCBA0g6BxCg0fHxk2eQwjYTKqMFGJFyb2Gj4WiZCbgaTxMalZG3GWnBSTlxKKxVJgUU+xjGyzgbUAIeKB0j4EaGaYZ6E1fRHhrnpSzGGYFAqlgPg3vagDpTTg/OcUZga1AYCoKCZyc+PAo4xl2LKThH5xfBvc6MNuS/O2b0YvhrcHAlyahpSjXXN8bQy3zSggNZ0E5MmDhMHRyzTY/xyaCRGKN9PiYZjHJE0niJn5gLrvA+n5TG6GTSxmJqX1A9RhlMHiHh03qCc16aVwHBJZQE0CaBv3YarAbgiNI5gKCJgCo6Oi5cQrM4BLFXWYzzyoUrF26dv3fll4vx62PClv769PmzS4q5JxtrSxvn1+/PRPo+mr2uv3B9ps85d3/k4tK7V2buxaznl+6vTujPb11aHoQPnjddunjv87MbWxePXJwTaODXCvBilYrigwvFp48eFZV1VMTz17/NH1g86XLV1Z1NCDivIrx7wiDDXLqycfbmnfDZzhnX+7eWiUvvDl68vH5RGFtb/7xv43p87WHiYtmFwev7zz/0KZxPzrm6rl3f9/DyxvWl+/uD767fu3Lr1ocrnRvL+9fK9j9/6Lswc8HD4W1cKuJqjN4PTw6dPH36wGLHYlo2f/vTn070H3V1dZW5Li7ztIbcIx2c1Cxf2b51+f69tZU7Nz+a5jHb/a2t8+e3nJd2rt8fvH5+9s6LxNl373euray9iNiY2Y9ufrRy7921pZnzsfsXB8+uXUtO3D1/f/DszrXz15/cv35r596dORZKj1TANTb7Tl49t7h48vSmfjGtrKPzf/tb/8kpl7W6qWPJyVN7lUVQuMznmYgmtvZPJBIJE07T00lT37XlNmbsWmebL+GLLbUF5/qSPqbzwoSKNnUmErTpQoLpTE53XjYtxZwe59zS0vLSkm81mYxdGEtcWFUpWT6VAAjF2MON7b61hcX57p6u+aMp+Xz55dGTJzv0er31yMMVBojrHoJBsRrcaPRqnVqNQiVolJiG4TmW9xJeTC54VTxrY4EhaFUM42zmKScLruJV2VgFbVPZHmh4WknRqNT1CCqB5W2CF3fyUNw4MUjJChmh3rnVt/X56vXTEAZHN0+n4IAlHTg5BXBcLtfOskBSe5SFq5S8jTIvm1ql4CRSXj02Jyy3ccwlGzO2TM+xBid7iZHNqT1OG8VQy3NGk6CNRhUKLUepnMsU78SFS5wJarw5tcWkvrSsFdSYygiGrIBK0zYR/O67lStbOwvzo66T8/OnT8/Po215B+bzkXT0+rqPQJaaPXFHQZD8tm/s1q25J31B+tr2rd9sJ3YmbKadW/uf3Ao+We67a9qZu3urr6/viSnou3Vr+0nsiY1P3nqybFRcu9h59+LdxP2+u74niVs7ibvbF3+zvX+njQVSL2PRbZ4nn39+99rWyvZCKknMzy+cFt1r/mQKTpnr3hy+Z9ZdpVGxY64X2w+fJs7vXBjbiG9cuHD++rIwd37h3bWFzrNjV3YudOy/33P9l1+uJ65cubyx/571ms15uez8ftvc2rmli1djZy/vXFxai1XPXLke3xjcPv/uHCGQHM1SmDBx5cpW8MFE58Wj8+mojCSEpJOC4yqzdgw698wrK9sI55WN8zsfrg3Cw8r5lTXfpfODK/TY+Y7w2vPpsyvbV+5tPL84c+/5L9f3X9lJXH+wfn4lOXZvZuZF0nPz4b2LDzvvzG5djJ+ftZ4NX19ZGxtzJWhKTtEUqZElf7O1NfZguW/6Yt2x7o50kgBAm0d3pVNntd5ZYfdQdy1vu7X+YvD+9b6LW2tPbo3d8l26tXrHZ3xxYfvW9b5797e3L85e3Lm+c+3avfsXnkzfmgvubN+DIHBvLejcub69c/7JtbWdvrWLviu3tm6t3BpTX0zSNIEp5JxRdjf43USir2/i0pPTLaWu7nnRiEFlJzdPnAA4Vr24d+bFg72mbBBMtNq0PKYwzSWoOWJZoxmzbZkE9ZzHlOTmEkmPiR/TJk1ReizhceJzBKft66NMyZUky2jH1KZkUpswqceWGZupDb7l8ZoYTGAVXobBk/7vvusb3F6+dOmKddFevXFi+CgKO0eRyl5Jxzq1uvoKjkpD4QKrUZEyphk3OqN0MyvQMq+BEMCtaZYXnOA7Tp6lWIaX8zhhYI0GJzh2s2AwcgaOx/FmgRVYA4upmlW8jOZ5Rk5pSIzHTE8+T2xNPOgbC06/W9BU0bVwdebY8IFU7JkXHR1Jx2rV35/dwwYx1mSa45IMkVxNJBMJ58p+fA4uem6OTa5qkyy9f9W5nBjzacc4xrmaEBIJ1tRpMiecnpWoyWTq3J/kV9r2rZo8ptUxbMwzZuocE0gNBld2d2fwwvKD5a3BJ59vFZRUVp4dmj+ycXQ4DSelLCQd19TNV3Awmr9y7f76/RV53521a2u3Emv3B1907tzavjh9f23rxcTK2trWtfMXdy6smZzX1tZm184vvbiz8/naVt/a+s7F4L07W4Nrvjtrdy9ur91bPbt068razpzKQHLkxI7vUt+ybyto869cOHKwJKu47tzQ0Ew1AnR0r3SsTWWvkoSGtr24MjNzflVY3rl8bePKrcsr02evv3ixMXPh3dm1h77tW7PXZ9Z/mXVdmbPdj19ZOH/uytn1y7Hz707Xzew8nFi/vnJ9ZvDKdt+5tdl7F/QzL7avX3YCBTRJnwQfXNoa3J578KAvttZUXlRZ0pvpmllc3Ng4Nj8/f6JDFA9Ip846tQcOxUtfbN+7PLWPVN+6Mmj95cn1e9ceXrh48ebU0tnnFx++uLz27ot3n3+07/wKM/fi3fM375+Prz1f++W6dfvdtRcPlz76JaiHvLnd9/Di8/NL4PhXnt8ZE4Dq+nbmfFsTl4LLyem+5Qul5dUAqLc3s+5c9/y5maNDox1TkERFOB11pa/gkDweTG6N3bWpmGAwur09tn3N1Jfsu2u76+m7kgzuBLd2kmM7W8t9RgM3t7NlivjuQtS+mwj23YVPRa/tRPqSd6MTE3dXdvo88MXOnWkPqWFt29uD22Mgn6Uryw8eXCnLzm5qKs09ONle3dG1uDhTXTrVUzclwrGWdbySjoKjKSfDK3hCI6iUuM1mk9nkKlZoVslUzku4kialTkp1SWoQlBqeUNtUSoEyqm242snKlbjMi9gocARcw3KXnALBkqzWplBS/N2dlc/7xjx9fct9lyYSa+Vo7UxpU1NxaW5vQdm5ocXGjilXnT4lHVfFKzgUWuCA4zSj5JUEpmExDcazKiewXYohNDiapzJiPOPV8LxAELSBZFRKg0aj4pRKo5EmFTwUmRpIT4LRqMIU4FRA4pXGtouff/fdVt+VCbAc33bnhSNFACgv+0ietTyrpCTTWpE3VaTflU71HmWxrIZAxBYzcBQhGD2UhtZoNITKqOEMaF6YZiiWpChG4+RIDedUcRRu4Fi0pJalOCeB85iBUbEaimF4pZKllB6MwEjb3bvfrdwNft75YM4XnAiubJWJW2DK80qK6kqRUWfX6zvKylKObnVVv5IOjmvQHmySUKFpMyVaGMHhSpXCoFHgCpwDKagYYOGYggSNEASO7rmQIBAMZ2iCgc+QKtyAozsZLPwxDcEpMZrxBAeXtr+DmLx6beXzB8HY/VxwLQQos7S0vAkBKqmsnnIhOHUdHeW9r+D8Xwzl//kjLz9GOBUU67m71Tcd/O7zYOzi9Xv3E30T20cyc6vRtGAB2nhSKgLKL+yacpXpO/JKKjP/n+D8Pw2tk+Cf7HgeeAaD23NB/bmZmfufP7iGVukXNeXmFpRXp4y6NDer/WC21WXtqSzJavzfg0NjZHRn8NJY393g1qVbm8OLQ0A67uVA6s4rKDpSUNZUhPZ1IUCVRaUFWdbq8tKCkv8tOEqljZIfHxzsuzYGPpXYGL09f7viVuJKXlNeuUufnX0w9wiyIVFCeXmVBQX67Nym0uz/BTiosAKCTOH+J4N901sPloPXki9Oz385tDY9tp2H9uQ0WcsrIfaU54peVtBbkJ1doC/Py84t+h+DoxRvo6AnjFChmxmseufCxKVLS33bE5ceXJsZWjx9y5O4V482lxWBAZU3FeSKgMrLM/OyszOt5eVNRf8zpqxMD3SDHK1pY1WUxmvbvtb54NLElm/r0qXOtZaFp4X3OhMXs8GMi3KtuZmQu/IQoCKAk12Qnasvf/MfG3n/M9JBWDRKpZeQowOM1XhZfOKup3Nwaxo8a2LwbM2k++uqquufP8nT54HN6BGcgmo9AlSaW5ldXnrQ2nT12ZuP/qfgoPUC4h17pRKKB6gdPHcht8buPrjUeS3YqZe4v56sysm/92F1vaspr8halFnmOpJXrS8DQNXZTZmZYMrVTeXP/ielo5HL0bIB2kPgBm3fdvDz7z6f8ADruhTTVxWDfPQtLfUSia5eX20t6iqrmHGVZ5day/IyGzORKZcW5FW/riy0rgfda0d3isAiUc5I/YLA5ThG/DswMEhSrkxrTMmpbSyT/M0FyJ2fP+m8dunB2Jr1TH3GZI21tKUYNU1w51mLKk50Xb1qLSrK05eXV+YhOBCFCnL+SToYjslwyFfgIwrIV2g6UwSISub/JB55SjCpe5Q8Zxs7Hun8/PPBvu++Cyb7Vj+yjndkuSUdGV1VEl1GTY2kw9rx9FjPTF1Rbp4V2Y4onUq9a2/cwWAAzWBxksQMBEtrlApWQytUSkippBHnf01DaBFDepUS4EmtP8cZLR28e6mvb6sT5LN1bevzO3q3KzujuL5UbCBRU1Pjdud9eaDlo/IUHNBVdo6+PLO8qetVFQomCISBwppVGIvzrIWmvLjgpVkWZ1mS01D8q5uWu1g0aEcXJt9dco7uh5Lg53P0MgTA4AQ/9nnw7thycOy8vuovG1fPVrSLfZQATkZD6ftfbrRU5xUVQbwRpWNFSf6V7ZCkxsu3zXKm2CozMd22GvewE/5EWzJhtHR6gU8YOeU/yUZ0Jkz+cgF86khKeMnlnYvbvgcPJga3ti49mPhlwd3VWHfu6dOutGxqGiRn7tw5Wl1x1lW9K51MBKepZ89NAFwZDY3Ew6FYKBSOB0a42oFQuHMgEIr3MyojpWL/RVUEWr6d2uqW2ieAiUvRSTbySzg4tjwI1Uxy+cJCO5yjbGam9PkGSCfVAiT/23983/3oH//VVVjdkYvgFGSiDXB7pINaBSUC6+HAcHwk5FjqDwm1jqG+/YGR+flQayuPwYeU+D/BETd6ycnUVu3UOie0snrsN0+W+7YubDmdg1cW3Eg7ktKnGz3PN6rQIYwT3z6s+P6zHz/+sULibmpqqizIrq6rK4U0lrvn5iNORAOBgbBjdWDJMRgaMdYOrAdWB8Lr8YHO2WaPUSOud3m56kZc+iLuICVSG7sIqZpGC8xIte/+rSc7d+8+ufvk3WNHxfZK42dmynIXSiUNOklGff35b39y93z/8cc//gOUU9bVXlBWmi/Jrys9e/3cHs9ScYZorK1t0Ofl/JrpaUo2YfG1JZNes391VuA0qQUl+CvpoKUvRFoksvSmUnEPuWks6fGY1ElTMkEbvIyF8p9snNnoAdtp0LVvHDt6J6dG0vDtxz9//9NPOdZGSWFZo9jq5+q6bU+Njm6rOZubLc0Wi4V2WhjMq7UYzKzZ3GwWWr0yC8NQHKUR7RYjlGhbJlq6nZZMagE9JlVr5RghY2S0lMDAVW3ongBuXprMf3i+YqFJkiHp2Th9Dukv49uPP/4pZ8MlkVQVo7YyGTrJyaCwZ7qJYFijaTUWiIUDs2bPfmM80bYvOBuNJWIDnZ1JfzichEStBJ2JS+xE9xa3qaNV2Wq0PJsgUrtg4KVWPEbrojkao5Q3a0A6TWerM+CkZ7pQbxYdwPnhXHZmyygkhlQrIt0xbM9NAJqReb0TodAICf5VmwzFHOFgaHro5nDMsR4I7LMMr3oFluYh6CpJtIdN3PMCkQ8IhVotLoIm1eIqW7RNE60rBVOCZyVtU02fyPjr1Nncj85+UoVa/Ih9h9p/+vH7jeKinLKKxjQc94fsawuECWV0MBD60hc/EKmddgRC4SVHp6P/y9X+LwcG1iNDAZ8R4xi09F4DipBj4nY6tPQC7ZlEWw2ktLjFTGyIgF7B2yRojBEut2d8/cmds3+d+sSdkerxliEp33z7gzd7egqr8tPtojImB4U9U5UKHFMlHODkiYHQrHl6ti3scwy0DSRj++F1PLQaGOgcmMBYmZESlyHKUhvq1UgESiU9p5aRkEzSO0rlIDCkUvg9jTPR2+4Md1Vp3tdfu3f7ZYENZZZVlLp3X8GoORFV7ZGOCiN5rk2I+gXGYpFZzFGvobVV2drMGP21ZoPf6/e3JaJGNQvBmZOTytRSRJAB2uQgR62H5IS4TDy9ShFeg1LR+nrVYD7Km5DIdalWXqgzlCSvTFKW97IHH2pzc5vF9y5FIyhe1dpqsFhwSytmsWjMrN/MW/w47/fXsq1+S2srY4kKXoM/SskVqeXhZHrHjjq9xSC9NVjcwoV2q3BQ1DL0TbeYHHRgwGgbA8CBYFjR5a5rkWTs9gLMkFRdVhnYvTeuOcHicPjCA/FhR7g/FAzHhwdm10O+2oH+kUFHwDfsaAv0z86COXValBRH7i6ll8rFrQaoTwJJojyRaowAEqI5WsBt0/k1KYupydiVDjp7XWHLEbfYD1An9vzLDyrIPXAUAs96HSPrjvlIYDoccHSGQneD4e54syUQDKw74qv9jnjgUCAQHxhI1KrEpb6kaMiprf1pQUnVhLjtDwSlIVigAdrlF0XtkoyXvRPTqsmQWFsKy/LFPlagO52k5ljUoNm7fFrThmH9sRhcfGAiPB/yhSCBjRwIRS2hkdB6/3p83jHrWB8YWA1/GeqckxlRvMHEtgsklmoKIe7eIlLORci1lEJFUjJ84nRjdVfG693WkCXpeyTVLal+ZygcVV0WCNKw946Nh6YT5oTPl+z0JIKzbfsjA7FkMGYydw4k2sL7JsKz/thAcP9EDNL8dDP4l+hFYhOR3W1T4nLo1NtypdYEdsMKlxvHG86U5b/WUBLCTnVHR6+rI9WUsQbg5PcJHM7unebmWcrCGgwGBqy42aKw4OBRzQYWg2ev2cBgFsEMts0oOMHYRnsVL/dIif3OiNTGrXR2R+qjjUZeJgRPnzk52lBYL3lNOpLGjpzMqepyt9hCEpGgYxEVrdqTJAgVgeHRhA9Nd49FE0l/G8aZOLqNXsEsHlOS3k8b2wym6GrS08wzRqWJStELtHlfBJLuvaBG22bEFEaTJGNavtw46h5fPP1PcDJq3JOTBSVud7rPZk3VZZZmCH7vDSTSaI7NO/wqZ3QgHnLEAkAyICzWhsMDS4GRWKg1HG4NxPtDJhumsTkZTGxhIfoQTSN7Uaf6Q5CpFiOQu3CZVtm36R5vP4PgvOyhme6W6XbvNs5DttPYxzIsye81Za/BEnB8ucoK/kAoFg84Qo6R0HDcHHT0HwiH447adYAzOBIIYrJU6xNxW4pMpICoiSGZ2ur/Mh5pQVDMzXy0EGU0p140kKr6ArdEV6PbDTYpfBAHam4bVOCoe8MgQzNRR2A4lGwNIH7aN3B3YCQeire2hkb6T4VjjgHw9sBqqH+/SkwS4jJ+KUmjXeFKGSfuSERLGaXiBkXUWYOUsYOFo2gZQXcOko7ErXe5porR6V/THISh9suCglTs3SehwTAlH1n1dRqZ1TbG18klmba2aJuJn5uI+oweTzIR9U1PRPcnGCXa+SFPKUbKiURHlt7qL1erdzfUyzCFQN9sR8sIRscBDigl/+zGhqtlT2ZIwWnIkJyICCj17b29ZiR4jBBYpYa1sAqPQsl6BJ7iNVB8GlmSZjwq1H5HxrA2RLBkKfonbomjaTFfAfVRS9PhB8UdRuCvicIZ3UTKAg313Pnpp7UNie41sxbFdlNA24HS0mFR/URgvA2jGRzzsiSjBb9gNEaTjTIyBsrkMRIGzGg00VreS6FdLOBOWIrYKEU3QhyZVotbiTBSC1CRn9l8p8+Mjp/ZPLELp+HsT2tn64r/qbcqJI/8QYiYcuVuVEZwcAXNGWmjysnztIdTMRTu9HAsb/PQWpqhSHiS8gLL0ziogVHIZIpUB0q0ERET+Y6oNCJFDsWeH+yH+Yujm5uj4ydGN+tRo0lJxdRH7703VfzPDTHdxxieIl9tphPXWKtUBup4pK3NlIy0MVqTMar2atuitqTW1EYSlCl43Igm4Nu0WiM8kW3HcTlPGLXqVI9OeMJ2I7KWxNGOJ37pxGgxgDkzemK8qx25k7vjPTRaXoMDljy5pOI1iAvsbsSEghLqBBX11qm3Dh0/dOjU8buHIqeOHzp16JT6EIzjb73VFkG/Sf0aHRw6RFIqLVquK+5KR5RZlm4twoGlsaTNd7sYgs7JwpPjJxor8sVQ45p6772O96ay/imBnWjjaS3acvtqX6hGY+Rk9KGkiAZOdqjtreOn3nrrlAleH59+65A2ClAQvuOHqLeOHz916LhcK0sRQ/lu16fUlkGZVEbjXpnnw8Iz9sbTOflV9SftyNElKThTHe+5yl5LGFWXvTSF2ku9UhayQZ6mTVwbozZpeVNyjjep544fP26zmbQQ7Od4p1OtNcEvkyZb1GQzmbQ4wzLgVKmt/Kk9jeLmfYiHWopkLxefODlaPzra2NgwPi6GQYADUCqt75V2vGbLJyYUWqMXUdo9cEjgphiFa6ll9XFBagP2a4qYwFxMc6Y2jG9LmkymNo5Xm0x+kzRCGU8lKYynqNSu3fROvdQOWIIjNaSz73TVyZPd9ePj9vEz9ePF+hzEP13vvZf9dVOHqyMtl10vV4ObGwgyvYnXgOpbkmLk0uOnkB4OmSKR44dE2zkEigHFtYHG2tDL44eORw4dP246hWxLajSm+vnIpen+C3KlnJRzgo2aeFrVfbKwsN09Co7eOF74/ptn6zPaXVNTf/5r6S6cdNQ5Me2kFaQWhfO0dMTZBwyXmd6Cs7916FQSbBeZyltvRQbh8ZDxVBDZM7LkQ23wu+PJtrfAqG1qyMIkLXLlVCMImRihSXb5lxxdfk7++PjJzeLx8eKq4vc/+OD9rq6PXFMFf83b+Khn12wgJLpv8hT8FRPqP2HY7RKCEbhBI6MiUcaQ9FPKaNsh/1jU2BZlopAoLNqoyuRtm/C0cV7KRsFbHB1pO9Sm4HgbR1MEWFBqt7oCNTTVULTnwubJQgTm9En36MnxM5Mt77/9NtRVZ/XWjq4ya/1LFweLOjnIU1KNlvTKd1sr4MhB5OAnbbzA2FROi+D0a2w8FOoWxqThGYPfwwo2oVUgLa2o7a7Aec1zNKWh28w4jmFmi5GSi019vLRHqjTizgvW+QP28dHNYvfoieKq8Z4u1wcA59kHj6eOlE3lv7QbXQOY901GI0NVGdoSTqSlgxyDN9KaWUiRCd/AamR21rJq2T+7z+CL74vum42szrYlZ/f7w7Pwm2gsnNwX7KQpxhROWAzEbDgiozAN9MUTAAARzUlEQVRxCz/FGZQyfqllZv7o4uiJM+MnTvTk1VcXSzoQnLfffHOqrGyqON3kFSXPGiA6qU314m557BUcklayrf0jAyNhx3p4YCS05KgNfLmkCPavzwbgvZuhwJfxcGB9KfTliONmX38g4HWys0cdsTZf/3ogCjkMCJjHaNTIbH2nswDOOGCx54yPb+bUFJeBrj54O+/g2yIcie5lL3NggbQJR7NEYjzHX7awk5OcguIcDgec2j8d6BsJ97cGAgks6AiH15cGHP3xzpGBwBKQnuHBQDgIH4z6a2f7Z6GUDx13+HDEvbxGyCbO4NOSrK7+A+NIOtV2+3jOzPuA5c033yzpzUTKegkHpFRzIiI3KsTEh6LFnsYTMrUM4wamB+Kz4f6BTijzHAOB/nBtcMAfRMVgPBzvh6odJBeIDThWB/oc8XDrvjgw1pjDsWog1agTitFI2yaeF7bnu+bnoX7oKivWFXZtvP8B0tObb2ZNpqXzMlvpJi+zKjLVPAB1mFHudtRDrXQwmo/yUDBYjIw36qf9XgsT9Xj8LGfx0wyE4CjPtnlZi8WERelWVWtiVWBowmCxWaKYjMMwhcxGK4TkubzCM40VXTPulq58XU5d+dsfNG2+KY7Jg293lNZ11O9KBwr3YxNqrVzs7yUnX9kOqmNlNEd4QGO4F6gLLQYiEkIIiXMKtH9SYSAwtZZQeOHEHK2kvbgXQ514OBmDWChGoV33FJt8WpKfX1Xiss+XFUty6pB/v33kzZfjSF3TF3+bRB4lQU4+OSgQFJVqLyZumU83S0oHeDEBkqm+cmgyIsXP5WJnh1Q/JVm6nYq4uZ1INd3CoLynSJmRMnsTDwvz83U17XUb5ySFG2AzH7xZ8PbG22kw7795pLKuarJGbMSPUupttGEHkSRxT/jLLiFiV7/0zn5EftF8/m6znXTDm3R3NKk4p0XIifRe9xQFxEw2lmrTOPsWelE/mzzX+x+8aUVg3m8qK2t6KZ3336yWoCl3sbM0GPIJcHIjR75s3peGY0CtrFITWKnpNGlqbuRV5710j5N0R6tUC0KxYQSa/oO3WZygZHNbCyWo/dmRSvdBsN/33y+v6KnP/aTA9fZLZVWDczekWunrwMkFDnXMFGcUUYu6XdtB50EnILVyjVJOo1k+BShIRsq0BI56nWiRG6JOrFogamLDPVTIpLppwAc5kuOczkF9b9WZen2Oe7K3qqrDVV9Y/skXn/720wL926JkXsERy74a97E2QePx0Kgv025fn5eOLlYCFARD1KwKWQmAAQwKUqqVi00v0J5t9KZ6t7YT5Sj2kaPwNlJuurBZPdlSnVnT3ts7OVndmPfpp7/97W//9NWnBWfffvP9sq7qN99OwRFTVU1GzclBQUvxKoJG5ppqKfCyOxEmV0MFAFSd1lJaElNqtIzXxGEcZgJAGAPcEbXCwIyk2BcQS7fhwkiFQgZZnaCdyQ8zq0qt9VWTqDV3VlZpz6df/TYFJwek8/6RP5eWut58s0tkODpkzFU3WdxkojUcmJ9YCqF2PmnPAoME8m7kbDzHkQyr5ihwZLQj2YZWvDmdNAPQCJPaKEMJZrf3H3i4wsBhkDe5vqdZ+VVdVVW9vb0lBw9mlZRmf/qnFJzfAYy3N3731R/+nNe1US3OxIGj62qOBZ1eGYZpdzsfoTSu2NPJU0OYTMejySiuiiZNc1TEEzF5bLRNsBnnPCa1n46A1fEYA5EmPbeEvkVRnAcSw6BoxNWgJdTDPCsrvzRvF8579o633+74+1eTf/hDdk9XNeRz9P+nqCkZtPFoml6kb2JfSumezlYoG2ulqHo4LtLzU28dn0O88Phbp0S+fhyR+lMR1H5c+6qFHSHTqm0MO/FhTkl7VU5XQVVJ1sEsNJB0fpuGc3Xq7TePfPX39qpP/vSHP5d2VZwRpwYvCwJPv2zcldq1vxt3ZGKzJKkMOGgkCkTQj7ipOnL8LWCip4D/nYLXc+jIyzAeWaqBBUQq1HoM16gHF4onq+qtLe2ToKasxsaSrMb8rjScT7/4Ik//9vuffPWHxsf//d+/+/sfsjOrQTju2xM8yaPJzZRoxKYhspcZHZFdTgm+rGbYyHELkDyb06Jm1M28ykATKkyF84wAVJ7kWRW6vydCIaUUwdBt105PunOqwYhTkmkp7anIm0xL5/dli12lHSdmfvfNn94+fPi/D7//1TdHqiESngiivvOpdpwyTHxCkwy77YCQl1FyitjfGZ7t9MzuW9pniYZ9+6PhaHh2eiA2u7raeWofp4biWKNBchHZgEwrk45tP90cL9C3pMEUl2Qfq6jrrp4E6fz993+urO7Y7EDrzL765qsb/33gvwdG/vbVFxW6jPxrMg7XpLqDiq0x0ZSnfFdZYste0qTQRkcG1gNfhhzhA4Ha2PDlcMQRCQRGHCFHIOAIhb0M6uMGlacSzWt6NBp2efaetbq+K1sEU5Lzfm9xSUFXV2lZT1V2/Z/zeurr6+pcdWXVdfrff/PNN38+9mi2b+B3pZtgOMAAFBo050Cnp19Encl3W2eiiCbTGDpDsdDA+mwoHAhEBgKBQNyxPhAK75uGN0OhhEchdtCjgYQYgWhxcys7U+WZ+rr8DPCmkvqeEtGKsyHyVBWiFdHV8NQB48gRq/X3X33z97//PrQS/11XccbtCZRzaNQaCoxYKbZTRBSH2IUjVcs5RkUzSacnyjRHTMyEk2uNtkFGsfij3uVI1BKNWlRa8WYDy6pBQIJzZfujjoLMysk8a8vkZHY2yKdSdKqsksojHWV1dVb9lEvfdXthQV99xOWq/v2fvvnmq9t/O1ItORFkNQoi1WVSJt46+P9qu/7XJtI0PvmeNmTytZ1Op8nVTCY3HS7NTGdC2pjgFFOI423ZTbSkLEt/OfEMTKD+IFpXt+Lt2SorZUtpQLGrd0XvTqws1e4GCl1EXcX7n+5533eSfnU9Du4V+mUaO58+87zPt/fJ58HPzNdJbBBJWzQSisWzfSFbmB4NhGwp72gwGwmkIbegkSdw/O6YRbkE8XAs/d3c980ql+kf5qRyRmLHAcYw82Sa7PLJhaUpVlBV06z/fmlJF1Thqioo6ruX8Mg2Crdm+jy0w+/CBEUQoLgI9RpituroDnilqIOOhB2jKToQCY52pQNgokdHe7OgK722SCyaitPoRc5oaNSVmrvTrEp4NkG5LEr90zl9bCw3PY21GfAk5cbkvK6b7KWbMl8RdN1+Q6iu3JvafvnQGP/mmJXZ2/AxE3HJJHDY9Vlev8MRD/R6uwMOF90bpN3hWBb2UZSOoDf5096oKxqFbe3r8vivzH3bVPhhxIVZxoB4sT+TMPNjfH97TV+QG0sNXQXpXFpQdZXi6wsfPny4LWjGjxBxunD9zOsMEIPjw9ETchOWk4CI1RfqjmWzX4RjA96YOxqnY2EvHQUzZIvGnHHaYxt1+KJ+W9AZ//Le0ypfKTE8qEt5jGAa67+gDA6LWDbDCE8pv2E+WSoI6sm/LwmGqujVNYDzYVW5PxfN0iik8AcwKTqSkA+f7To7PssH5oSG9DYapsMe9NZfMHHhiM/pAU8eidG+CB0PRiK9fd2zZ+4uqqqkSzw8F0bCbKFjyBZz48rQdKYtnHL/8IXWpmk2Fl49fL6uoq1u1FYBzvL1ufTpbIwUyH3Y2iBHjEmL4ErQKlWGwRXNZrMQluMIIgCZbyBOj3oQR5VrAExyMJDynztzeTk3ZYhlHmSuceVMmeGZMloip0nKCDPWeVjJab7V2hphnoPyvnq+zhbknFhYXH3c/DrbFQkFcZhuI6SJ6DOiUwYRRd0YjicQ9NGxbCDgcHRDBA4rHAFNgfAvgipHEAy6/Ocu31lTDUlkGI6r6aJkWIDK/QgMYBS4BIfEUwKPNZ0T3r5tvV7YBDQ/KQ+3bzSu5fj8LeHRmTT4lZCLUL7hqhmulbcJMW0Wo57T7bFBnImJuyOIwBs+2ILBVHcolErNxs/eWVs2DS2hyUOoxY8XEhLHG7LG92cATEIWGU5kOZ7LIL1Jlnj99dZWa3Pxxfw6eIcq28jdqNZLFXHhL+muYNwZjaBgibAU+VBfAD4zRNE51p2vPw8F0ul0XyjUHepO9fXCcvT29QVnYZ078+2va4+rhsRj2kCNFzlRTOgSGQRgyBkeJIP6bwYVDKeUSSYgw9p6t9XaeLa28mD9p+eCaTRu53RFqJ+9gkK6GD0wYJGW4iqMm5wt4xMEBOfa1dWVu5dnjk9MnD9x+sTp8+dPTUycmjj+2V9/fdQwC0pBLrO8JoucIUsax4i8huFoGkjI5AyQDI/6b5TJGpcByaio28ye7996/Wxt7V9Pnr/UFxcLifmaUZ1J0fEYhN/uLnzG4sP8TTargud12wijHjrcQuSjyWTpKqyLN+DDtVKyUlRMXUbdR4myIo2xrMxMgh5zMs9wrKZZoxIyqBUIPb9EleeTmVqhRFnJwgi3uLb248r65uofXiy+3UrMf5ma7QUd9QY9uKRo0ew6MYUyYSnFHh2VW6iiVeGASJZ8Sd2ihvPDrMDrWiJRSDCGpLOaKCVAPFxNbU8mkFFTGweCk8psspJTB60DKlzA0VfW1h78svxo+ecGsyXOzHanvYDDHUW8zp0cDhmcNt0z2ej7lr1IDRbUJDVVZ/KTS9TwVBXgSBpTkHhJMBO4xQ9UmSeANPytLDGiKExODe/7RVR+fnVl5d+wHjU2xJk05Km0r8uFEybr8J+kam6f9Q2Jd3aLmFhUQ08XFp5ubDxtwj+e6pkqIDEwqFWUZwEGhsPLKseB0DSQVQHAIN0Zsh8o7lMVobHy4sE/n8wvqTN9vZAdBlJOH2Yh9+9ls7UaAbxWYrNbbkGrWL/dXG5sb9y8/8P1zW2ZGpJZ2FNjqJE2wUqcBWdMYE1OlE2AWRbxA1P2jOgj9RJQAvONrjdyyrOJUNwGZj0Nrs867SKMel7Ebu90W01se6XTnvJXrDcff3VJUa/93LzObm+jxsJxVecNHp4NgcMBHMbQUNMoJyLJcATO/qN7+KY8UtieHF+q3p/riwSy4JwcSHER55e7wz2I7Y8VK3uPGHYGcFa/erRhNP/2wy+52nsT3yQpw715aVc6TEGWZV1PlHnuo3CSZmvzfWuzfm8uFTmdjQx4opEgZgnD/TTtnhKLJRRRYBK7s38NP20u9iy9udloNt+sb28n0FEq2nuTir4LRwI4hqyaGsN9FE6Rymy/b73auHPlWDg2SzsgrwyQdho36cyyuf1tckYsqa79qkzW+MICa6j9V6feb+/sgO7gEWgEqMrC0+EGa4LOEzhqogOHqR5os4DXm6ZYMu5854jT4W4/OlL2WUMhSMEKTYcjbLuEWs2imd+/TtYFs8oyrLLz9nWL9Gx0blNNiExNyVXAAgmaDNLpwBFrB+HYe/40PmK/ePaPX0Qjo6MOtJ3wnf344B/x0eDmEcysh7hd/V6b67B07JQsmCzEk9Wdt+8282jGZdsw9tiH2FohN0JRlSmtpptaWzoiM6nWRg6cAKP+mMrKKfSOm0AU8l9UakCkxF7Si+W2Gh+xMyVjI5zew3B6qBpr6qxSbWE4+My9aFU6QYUm8+Qz3EpW2AI2gyKvyPlDY0TtVLF0Nxj3hnoDrmja5bJGd+DzBn8nOSf9AX5c6HM5XUdIR6qa1eR4DcFpVUh5qF2WLpKWiR7S55KXkXREXs+NUAcVx0715C/OBLyRuCvq88SQ1+wYXzdpB7UuICZ2G05svbbDMx9ho7OQAoAF2/nzP3YKlH3PFFXS3FskXRMgo2RdLkssSKZnr4JRpK0iuXLcYwtCvg0xlAfxErYp8tuBjjXJoz1tAwXzR+ysYr0OKRtFFerKYFXe+1fvto3ZraatylShVsGj7Q6cRfeMXPz+RAjxYjkGvCGvw+Ht0MgMDAzYHC6HxzEw4EJjO+EHriC+7PAcIR1q3NCFAkXJbwxVrR1Ce2Alj7jWc7KYv/rNxyaU/tY6c2h86YFJrp+c6HrQ2JD/1HP44n+3jh6Je3Bs7W+AOfoX7Jtou3th3/W9r8NfFTsW9zBG+0fv9am/xm63HyG1T0/Otdv/Z6H+39Z/AA1m7Wfh9vBmAAAAAElFTkSuQmCC" width="114" alt="Imagen de The Devops Handbook: How To Create World class Agility Reliability &amp;" data-atf="1" data-frt="0">
  (Session info: chrome=99.0.4844.74)
Build info: version: '3.141.59', revision: 'e82be7d358', time: '2018-11-14T08:17:03'
System info: host: 'LAPTOP-THVCDBB4', ip: '192.168.0.6', os.name: 'Windows 11', os.arch: 'amd64', os.version: '10.0', java.version: '11.0.14'
Driver info: org.openqa.selenium.chrome.ChromeDriver
Capabilities {acceptInsecureCerts: false, browserName: chrome, browserVersion: 99.0.4844.74, chrome: {chromedriverVersion: 99.0.4844.51 (d537ec02474b5..., userDataDir: C:\Users\patos\AppData\Loca...}, goog:chromeOptions: {debuggerAddress: localhost:64551}, javascriptEnabled: true, networkConnectionEnabled: false, pageLoadStrategy: normal, platform: WINDOWS, platformName: WINDOWS, proxy: Proxy(), setWindowRect: true, strictFileInteractability: false, timeouts: {implicit: 0, pageLoad: 300000, script: 30000}, unhandledPromptBehavior: dismiss and notify, webauthn:extension:credBlob: true, webauthn:extension:largeBlob: true, webauthn:virtualAuthenticators: true}
Session ID: dc62bd5f771fa3745e2fec0bbf75e825
	at selenium.AppTest.pruebaGoogle(AppTest.java:43)
]]></error>
    <system-out><![CDATA[Iniciando configuración...
Iniciando Pruebas...
Se inicia el caso de prueba de busqueda en Google...
]]></system-out>
    <system-err><![CDATA[Starting ChromeDriver 99.0.4844.51 (d537ec02474b5afe23684e7963d538896c63ac77-refs/branch-heads/4844@{#875}) on port 37314
Only local connections are allowed.
Please see https://chromedriver.chromium.org/security-considerations for suggestions on keeping ChromeDriver safe.
ChromeDriver was started successfully.
mar. 17, 2022 7:50:50 P. M. org.openqa.selenium.remote.ProtocolHandshake createSession
INFO: Detected dialect: W3C
]]></system-err>
  </testcase>
</testsuite>